<pid=10475|tid=140406898550592>(14:33:6)[LOG_DEBUG] in ../misc/Daemon.cpp:163 function start_server: "db_server listen at port:7501"
<pid=10475|tid=140406757377792>(14:33:7)[LOG_DEBUG] in ../db_server/DB_Manager.cpp:98 function push_data_block: "push db message load_player_num_=0, create_player_num_=0, save_player_num_=0"
<pid=10475|tid=140406757377792>(14:33:7)[LOG_DEBUG] in ../db_server/DB_Manager.cpp:98 function push_data_block: "push db message load_player_num_=0, create_player_num_=0, save_player_num_=0"
<pid=10475|tid=140406757377792>(14:33:7)[LOG_DEBUG] in ../db_server/DB_Manager.cpp:98 function push_data_block: "push db message load_player_num_=0, create_player_num_=0, save_player_num_=0"
<pid=10475|tid=140406757377792>(14:33:7)[LOG_DEBUG] in ../db_server/DB_Manager.cpp:98 function push_data_block: "push db message load_player_num_=0, create_player_num_=0, save_player_num_=0"
<pid=10475|tid=140406757377792>(14:33:7)[LOG_DEBUG] in ../db_server/DB_Manager.cpp:98 function push_data_block: "push db message load_player_num_=0, create_player_num_=0, save_player_num_=0"
<pid=10475|tid=140406723806976>(14:33:7)[LOG_DEBUG] in ../db_server/DB_Definition.cpp:68 function save_data: "DB IDEX IS 0"
<pid=10475|tid=140406723806976>(14:33:7)[LOG_DEBUG] in ../db_server/DB_Definition.cpp:73 function save_data: "mmo.guild save list size is 0"
<pid=10475|tid=140406373218048>(14:33:7)[LOG_DEBUG] in ../db_server/DB_Definition.cpp:68 function save_data: "DB IDEX IS 0"
<pid=10475|tid=140406373218048>(14:33:7)[LOG_DEBUG] in ../db_server/DB_Definition.cpp:73 function save_data: "mmo.rank save list size is 1"
<pid=10475|tid=140406757377792>(14:33:11)[LOG_DEBUG] in ../db_server/DB_Manager.cpp:98 function push_data_block: "push db message load_player_num_=0, create_player_num_=1, save_player_num_=0"
<pid=10475|tid=140406757377792>(14:33:11)[LOG_DEBUG] in ../db_server/DB_Manager.cpp:98 function push_data_block: "push db message load_player_num_=0, create_player_num_=2, save_player_num_=0"
<pid=10475|tid=140406757377792>(14:33:11)[LOG_DEBUG] in ../db_server/DB_Manager.cpp:98 function push_data_block: "push db message load_player_num_=0, create_player_num_=3, save_player_num_=0"
<pid=10475|tid=140406757377792>(14:33:12)[LOG_DEBUG] in ../db_server/DB_Manager.cpp:98 function push_data_block: "push db message load_player_num_=0, create_player_num_=4, save_player_num_=0"
<pid=10475|tid=140406757377792>(14:33:12)[LOG_DEBUG] in ../db_server/DB_Manager.cpp:98 function push_data_block: "push db message load_player_num_=0, create_player_num_=5, save_player_num_=0"
<pid=10475|tid=140406757377792>(14:33:12)[LOG_DEBUG] in ../db_server/DB_Manager.cpp:98 function push_data_block: "push db message load_player_num_=0, create_player_num_=6, save_player_num_=0"
<pid=10475|tid=140406757377792>(14:33:12)[LOG_DEBUG] in ../db_server/DB_Manager.cpp:98 function push_data_block: "push db message load_player_num_=0, create_player_num_=7, save_player_num_=0"
<pid=10475|tid=140406757377792>(14:33:12)[LOG_DEBUG] in ../db_server/DB_Manager.cpp:98 function push_data_block: "push db message load_player_num_=0, create_player_num_=8, save_player_num_=0"
<pid=10475|tid=140406757377792>(14:33:13)[LOG_DEBUG] in ../db_server/DB_Manager.cpp:98 function push_data_block: "push db message load_player_num_=0, create_player_num_=9, save_player_num_=0"
<pid=10475|tid=140406757377792>(14:33:13)[LOG_DEBUG] in ../db_server/DB_Manager.cpp:98 function push_data_block: "push db message load_player_num_=0, create_player_num_=10, save_player_num_=0"
<pid=10475|tid=140406757377792>(14:33:13)[LOG_DEBUG] in ../db_server/DB_Manager.cpp:98 function push_data_block: "push db message load_player_num_=0, create_player_num_=11, save_player_num_=0"
<pid=10475|tid=140406757377792>(14:33:13)[LOG_DEBUG] in ../db_server/DB_Manager.cpp:98 function push_data_block: "push db message load_player_num_=0, create_player_num_=12, save_player_num_=0"
<pid=10475|tid=140406757377792>(14:33:13)[LOG_DEBUG] in ../db_server/DB_Manager.cpp:98 function push_data_block: "push db message load_player_num_=0, create_player_num_=13, save_player_num_=0"
<pid=10475|tid=140406757377792>(14:33:14)[LOG_DEBUG] in ../db_server/DB_Manager.cpp:98 function push_data_block: "push db message load_player_num_=0, create_player_num_=14, save_player_num_=0"
<pid=10475|tid=140406757377792>(14:33:14)[LOG_DEBUG] in ../db_server/DB_Manager.cpp:98 function push_data_block: "push db message load_player_num_=0, create_player_num_=15, save_player_num_=0"
<pid=10475|tid=140406757377792>(14:33:14)[LOG_DEBUG] in ../db_server/DB_Manager.cpp:98 function push_data_block: "push db message load_player_num_=0, create_player_num_=16, save_player_num_=0"
<pid=10475|tid=140406757377792>(14:33:14)[LOG_DEBUG] in ../db_server/DB_Manager.cpp:98 function push_data_block: "push db message load_player_num_=0, create_player_num_=17, save_player_num_=0"
<pid=10475|tid=140406757377792>(14:33:15)[LOG_DEBUG] in ../db_server/DB_Manager.cpp:98 function push_data_block: "push db message load_player_num_=0, create_player_num_=18, save_player_num_=0"
<pid=10475|tid=140406757377792>(14:33:15)[LOG_DEBUG] in ../db_server/DB_Manager.cpp:98 function push_data_block: "push db message load_player_num_=0, create_player_num_=19, save_player_num_=0"
<pid=10475|tid=140406757377792>(14:33:15)[LOG_DEBUG] in ../db_server/DB_Manager.cpp:98 function push_data_block: "push db message load_player_num_=0, create_player_num_=20, save_player_num_=0"
<pid=10475|tid=140406757377792>(14:33:15)[LOG_DEBUG] in ../db_server/DB_Manager.cpp:98 function push_data_block: "push db message load_player_num_=0, create_player_num_=21, save_player_num_=0"
<pid=10475|tid=140406757377792>(14:33:15)[LOG_DEBUG] in ../db_server/DB_Manager.cpp:98 function push_data_block: "push db message load_player_num_=0, create_player_num_=22, save_player_num_=0"
<pid=10475|tid=140406757377792>(14:33:15)[LOG_DEBUG] in ../db_server/DB_Manager.cpp:98 function push_data_block: "push db message load_player_num_=0, create_player_num_=23, save_player_num_=0"
<pid=10475|tid=140406757377792>(14:33:16)[LOG_DEBUG] in ../db_server/DB_Manager.cpp:98 function push_data_block: "push db message load_player_num_=0, create_player_num_=24, save_player_num_=0"
<pid=10475|tid=140406757377792>(14:33:16)[LOG_DEBUG] in ../db_server/DB_Manager.cpp:98 function push_data_block: "push db message load_player_num_=0, create_player_num_=25, save_player_num_=0"
<pid=10475|tid=140406757377792>(14:33:16)[LOG_DEBUG] in ../db_server/DB_Manager.cpp:98 function push_data_block: "push db message load_player_num_=0, create_player_num_=26, save_player_num_=0"
<pid=10475|tid=140406757377792>(14:33:16)[LOG_DEBUG] in ../db_server/DB_Manager.cpp:98 function push_data_block: "push db message load_player_num_=0, create_player_num_=27, save_player_num_=0"
<pid=10475|tid=140406757377792>(14:33:16)[LOG_DEBUG] in ../db_server/DB_Manager.cpp:98 function push_data_block: "push db message load_player_num_=0, create_player_num_=28, save_player_num_=0"
<pid=10475|tid=140406757377792>(14:33:17)[LOG_DEBUG] in ../db_server/DB_Manager.cpp:98 function push_data_block: "push db message load_player_num_=0, create_player_num_=29, save_player_num_=0"
<pid=10475|tid=140406757377792>(14:33:17)[LOG_DEBUG] in ../db_server/DB_Manager.cpp:98 function push_data_block: "push db message load_player_num_=0, create_player_num_=30, save_player_num_=0"
<pid=10475|tid=140406757377792>(14:33:17)[LOG_DEBUG] in ../db_server/DB_Manager.cpp:98 function push_data_block: "push db message load_player_num_=0, create_player_num_=31, save_player_num_=0"
<pid=10475|tid=140406757377792>(14:33:17)[LOG_DEBUG] in ../db_server/DB_Manager.cpp:98 function push_data_block: "push db message load_player_num_=0, create_player_num_=32, save_player_num_=0"
<pid=10475|tid=140406757377792>(14:33:18)[LOG_DEBUG] in ../db_server/DB_Manager.cpp:98 function push_data_block: "push db message load_player_num_=0, create_player_num_=33, save_player_num_=0"
<pid=10475|tid=140406757377792>(14:33:18)[LOG_DEBUG] in ../db_server/DB_Manager.cpp:98 function push_data_block: "push db message load_player_num_=0, create_player_num_=34, save_player_num_=0"
<pid=10475|tid=140406757377792>(14:33:18)[LOG_DEBUG] in ../db_server/DB_Manager.cpp:98 function push_data_block: "push db message load_player_num_=0, create_player_num_=35, save_player_num_=0"
<pid=10475|tid=140406757377792>(14:33:18)[LOG_DEBUG] in ../db_server/DB_Manager.cpp:98 function push_data_block: "push db message load_player_num_=0, create_player_num_=36, save_player_num_=0"
<pid=10475|tid=140406757377792>(14:33:18)[LOG_DEBUG] in ../db_server/DB_Manager.cpp:98 function push_data_block: "push db message load_player_num_=0, create_player_num_=37, save_player_num_=0"
<pid=10475|tid=140406757377792>(14:33:19)[LOG_DEBUG] in ../db_server/DB_Manager.cpp:98 function push_data_block: "push db message load_player_num_=0, create_player_num_=38, save_player_num_=0"
<pid=10475|tid=140406757377792>(14:33:19)[LOG_DEBUG] in ../db_server/DB_Manager.cpp:98 function push_data_block: "push db message load_player_num_=0, create_player_num_=39, save_player_num_=0"
<pid=10475|tid=140406757377792>(14:33:19)[LOG_DEBUG] in ../db_server/DB_Manager.cpp:98 function push_data_block: "push db message load_player_num_=0, create_player_num_=40, save_player_num_=0"
<pid=10475|tid=140406757377792>(14:33:19)[LOG_DEBUG] in ../db_server/DB_Manager.cpp:98 function push_data_block: "push db message load_player_num_=0, create_player_num_=41, save_player_num_=0"
<pid=10475|tid=140406757377792>(14:33:19)[LOG_DEBUG] in ../db_server/DB_Manager.cpp:98 function push_data_block: "push db message load_player_num_=0, create_player_num_=42, save_player_num_=0"
<pid=10475|tid=140406757377792>(14:33:20)[LOG_DEBUG] in ../db_server/DB_Manager.cpp:98 function push_data_block: "push db message load_player_num_=0, create_player_num_=43, save_player_num_=0"
<pid=10475|tid=140406757377792>(14:33:20)[LOG_DEBUG] in ../db_server/DB_Manager.cpp:98 function push_data_block: "push db message load_player_num_=0, create_player_num_=44, save_player_num_=0"
<pid=10475|tid=140406757377792>(14:33:20)[LOG_DEBUG] in ../db_server/DB_Manager.cpp:98 function push_data_block: "push db message load_player_num_=0, create_player_num_=45, save_player_num_=0"
<pid=10475|tid=140406757377792>(14:33:20)[LOG_DEBUG] in ../db_server/DB_Manager.cpp:98 function push_data_block: "push db message load_player_num_=0, create_player_num_=46, save_player_num_=0"
<pid=10475|tid=140406757377792>(14:33:20)[LOG_DEBUG] in ../db_server/DB_Manager.cpp:98 function push_data_block: "push db message load_player_num_=0, create_player_num_=47, save_player_num_=0"
<pid=10475|tid=140406757377792>(14:33:21)[LOG_DEBUG] in ../db_server/DB_Manager.cpp:98 function push_data_block: "push db message load_player_num_=0, create_player_num_=48, save_player_num_=0"
<pid=10475|tid=140406757377792>(14:33:21)[LOG_DEBUG] in ../db_server/DB_Manager.cpp:98 function push_data_block: "push db message load_player_num_=0, create_player_num_=49, save_player_num_=0"
<pid=10475|tid=140406757377792>(14:33:21)[LOG_DEBUG] in ../db_server/DB_Manager.cpp:98 function push_data_block: "push db message load_player_num_=0, create_player_num_=50, save_player_num_=0"
<pid=10475|tid=140406757377792>(14:33:22)[LOG_DEBUG] in ../db_server/DB_Manager.cpp:98 function push_data_block: "push db message load_player_num_=0, create_player_num_=50, save_player_num_=0"
<pid=10475|tid=140406757377792>(14:33:22)[LOG_DEBUG] in ../db_server/DB_Manager.cpp:98 function push_data_block: "push db message load_player_num_=0, create_player_num_=50, save_player_num_=0"
<pid=10475|tid=140406356432640>(14:33:22)[LOG_DEBUG] in ../db_server/DB_Definition.cpp:68 function save_data: "DB IDEX IS 0"
<pid=10475|tid=140406356432640>(14:33:22)[LOG_DEBUG] in ../db_server/DB_Definition.cpp:73 function save_data: "mmo.rank save list size is 1"
<pid=10475|tid=140406364825344>(14:33:22)[LOG_DEBUG] in ../db_server/DB_Definition.cpp:68 function save_data: "DB IDEX IS 0"
<pid=10475|tid=140406364825344>(14:33:22)[LOG_DEBUG] in ../db_server/DB_Definition.cpp:73 function save_data: "mmo.guild save list size is 0"
<pid=10475|tid=140406757377792>(14:33:37)[LOG_DEBUG] in ../db_server/DB_Manager.cpp:98 function push_data_block: "push db message load_player_num_=0, create_player_num_=50, save_player_num_=0"
<pid=10475|tid=140406348039936>(14:33:37)[LOG_DEBUG] in ../db_server/DB_Definition.cpp:68 function save_data: "DB IDEX IS 0"
<pid=10475|tid=140406348039936>(14:33:37)[LOG_DEBUG] in ../db_server/DB_Definition.cpp:73 function save_data: "mmo.guild save list size is 0"
<pid=10475|tid=140406757377792>(14:33:37)[LOG_DEBUG] in ../db_server/DB_Manager.cpp:98 function push_data_block: "push db message load_player_num_=0, create_player_num_=50, save_player_num_=0"
<pid=10475|tid=140406339647232>(14:33:37)[LOG_DEBUG] in ../db_server/DB_Definition.cpp:68 function save_data: "DB IDEX IS 0"
<pid=10475|tid=140406339647232>(14:33:37)[LOG_DEBUG] in ../db_server/DB_Definition.cpp:73 function save_data: "mmo.rank save list size is 1"
<pid=10475|tid=140406757377792>(14:33:41)[LOG_DEBUG] in ../db_server/DB_Manager.cpp:98 function push_data_block: "push db message load_player_num_=0, create_player_num_=50, save_player_num_=1"
<pid=10475|tid=140406748985088>(14:33:41)[LOG_DEBUG] in ../db_server/DB_Definition.cpp:68 function save_data: "DB IDEX IS 10001000000051"
<pid=10475|tid=140406757377792>(14:33:42)[LOG_DEBUG] in ../db_server/DB_Manager.cpp:98 function push_data_block: "push db message load_player_num_=0, create_player_num_=50, save_player_num_=2"
<pid=10475|tid=140406757377792>(14:33:42)[LOG_DEBUG] in ../db_server/DB_Manager.cpp:98 function push_data_block: "push db message load_player_num_=0, create_player_num_=50, save_player_num_=3"
<pid=10475|tid=140406757377792>(14:33:42)[LOG_DEBUG] in ../db_server/DB_Manager.cpp:98 function push_data_block: "push db message load_player_num_=0, create_player_num_=50, save_player_num_=4"
<pid=10475|tid=140406732199680>(14:33:42)[LOG_DEBUG] in ../db_server/DB_Definition.cpp:68 function save_data: "DB IDEX IS 10001000000055"
<pid=10475|tid=140406740592384>(14:33:42)[LOG_DEBUG] in ../db_server/DB_Definition.cpp:68 function save_data: "DB IDEX IS 10001000000054"
<pid=10475|tid=140406723806976>(14:33:42)[LOG_DEBUG] in ../db_server/DB_Definition.cpp:68 function save_data: "DB IDEX IS 10001000000053"
<pid=10475|tid=140406757377792>(14:33:42)[LOG_DEBUG] in ../db_server/DB_Manager.cpp:98 function push_data_block: "push db message load_player_num_=0, create_player_num_=50, save_player_num_=5"
<pid=10475|tid=140406757377792>(14:33:42)[LOG_DEBUG] in ../db_server/DB_Manager.cpp:98 function push_data_block: "push db message load_player_num_=0, create_player_num_=50, save_player_num_=6"
<pid=10475|tid=140406364825344>(14:33:42)[LOG_DEBUG] in ../db_server/DB_Definition.cpp:68 function save_data: "DB IDEX IS 10001000000056"
<pid=10475|tid=140406373218048>(14:33:42)[LOG_DEBUG] in ../db_server/DB_Definition.cpp:68 function save_data: "DB IDEX IS 10001000000057"
<pid=10475|tid=140406757377792>(14:33:43)[LOG_DEBUG] in ../db_server/DB_Manager.cpp:98 function push_data_block: "push db message load_player_num_=0, create_player_num_=50, save_player_num_=7"
<pid=10475|tid=140406757377792>(14:33:43)[LOG_DEBUG] in ../db_server/DB_Manager.cpp:98 function push_data_block: "push db message load_player_num_=0, create_player_num_=50, save_player_num_=8"
<pid=10475|tid=140406757377792>(14:33:43)[LOG_DEBUG] in ../db_server/DB_Manager.cpp:98 function push_data_block: "push db message load_player_num_=0, create_player_num_=50, save_player_num_=9"
<pid=10475|tid=140406356432640>(14:33:43)[LOG_DEBUG] in ../db_server/DB_Definition.cpp:68 function save_data: "DB IDEX IS 10001000000058"
<pid=10475|tid=140406348039936>(14:33:43)[LOG_DEBUG] in ../db_server/DB_Definition.cpp:68 function save_data: "DB IDEX IS 10001000000059"
<pid=10475|tid=140406339647232>(14:33:43)[LOG_DEBUG] in ../db_server/DB_Definition.cpp:68 function save_data: "DB IDEX IS 10001000000060"
<pid=10475|tid=140406331254528>(14:33:43)[LOG_DEBUG] in ../db_server/DB_Definition.cpp:68 function save_data: "DB IDEX IS 10001000000063"
<pid=10475|tid=140406757377792>(14:33:43)[LOG_DEBUG] in ../db_server/DB_Manager.cpp:98 function push_data_block: "push db message load_player_num_=0, create_player_num_=50, save_player_num_=10"
<pid=10475|tid=140406757377792>(14:33:43)[LOG_DEBUG] in ../db_server/DB_Manager.cpp:98 function push_data_block: "push db message load_player_num_=0, create_player_num_=50, save_player_num_=11"
<pid=10475|tid=140406757377792>(14:33:43)[LOG_DEBUG] in ../db_server/DB_Manager.cpp:98 function push_data_block: "push db message load_player_num_=0, create_player_num_=50, save_player_num_=12"
<pid=10475|tid=140406740592384>(14:33:43)[LOG_DEBUG] in ../db_server/DB_Definition.cpp:68 function save_data: "DB IDEX IS 10001000000061"
<pid=10475|tid=140406748985088>(14:33:43)[LOG_DEBUG] in ../db_server/DB_Definition.cpp:68 function save_data: "DB IDEX IS 10001000000062"
<pid=10475|tid=140406757377792>(14:33:44)[LOG_DEBUG] in ../db_server/DB_Manager.cpp:98 function push_data_block: "push db message load_player_num_=0, create_player_num_=50, save_player_num_=13"
<pid=10475|tid=140406757377792>(14:33:44)[LOG_DEBUG] in ../db_server/DB_Manager.cpp:98 function push_data_block: "push db message load_player_num_=0, create_player_num_=50, save_player_num_=14"
<pid=10475|tid=140406732199680>(14:33:44)[LOG_DEBUG] in ../db_server/DB_Definition.cpp:68 function save_data: "DB IDEX IS 10001000000065"
<pid=10475|tid=140406723806976>(14:33:44)[LOG_DEBUG] in ../db_server/DB_Definition.cpp:68 function save_data: "DB IDEX IS 10001000000064"
<pid=10475|tid=140406757377792>(14:33:44)[LOG_DEBUG] in ../db_server/DB_Manager.cpp:98 function push_data_block: "push db message load_player_num_=0, create_player_num_=50, save_player_num_=15"
<pid=10475|tid=140406757377792>(14:33:44)[LOG_DEBUG] in ../db_server/DB_Manager.cpp:98 function push_data_block: "push db message load_player_num_=0, create_player_num_=50, save_player_num_=16"
<pid=10475|tid=140406364825344>(14:33:44)[LOG_DEBUG] in ../db_server/DB_Definition.cpp:68 function save_data: "DB IDEX IS 10001000000066"
<pid=10475|tid=140406373218048>(14:33:44)[LOG_DEBUG] in ../db_server/DB_Definition.cpp:68 function save_data: "DB IDEX IS 10001000000067"
<pid=10475|tid=140406757377792>(14:33:45)[LOG_DEBUG] in ../db_server/DB_Manager.cpp:98 function push_data_block: "push db message load_player_num_=0, create_player_num_=50, save_player_num_=17"
<pid=10475|tid=140406757377792>(14:33:45)[LOG_DEBUG] in ../db_server/DB_Manager.cpp:98 function push_data_block: "push db message load_player_num_=0, create_player_num_=50, save_player_num_=18"
<pid=10475|tid=140406757377792>(14:33:45)[LOG_DEBUG] in ../db_server/DB_Manager.cpp:98 function push_data_block: "push db message load_player_num_=0, create_player_num_=50, save_player_num_=19"
<pid=10475|tid=140406348039936>(14:33:45)[LOG_DEBUG] in ../db_server/DB_Definition.cpp:68 function save_data: "DB IDEX IS 10001000000069"
<pid=10475|tid=140406339647232>(14:33:45)[LOG_DEBUG] in ../db_server/DB_Definition.cpp:68 function save_data: "DB IDEX IS 10001000000068"
<pid=10475|tid=140406356432640>(14:33:45)[LOG_DEBUG] in ../db_server/DB_Definition.cpp:68 function save_data: "DB IDEX IS 10001000000070"
<pid=10475|tid=140406757377792>(14:33:45)[LOG_DEBUG] in ../db_server/DB_Manager.cpp:98 function push_data_block: "push db message load_player_num_=0, create_player_num_=50, save_player_num_=20"
<pid=10475|tid=140406757377792>(14:33:45)[LOG_DEBUG] in ../db_server/DB_Manager.cpp:98 function push_data_block: "push db message load_player_num_=0, create_player_num_=50, save_player_num_=21"
<pid=10475|tid=140406748985088>(14:33:45)[LOG_DEBUG] in ../db_server/DB_Definition.cpp:68 function save_data: "DB IDEX IS 10001000000072"
<pid=10475|tid=140406331254528>(14:33:45)[LOG_DEBUG] in ../db_server/DB_Definition.cpp:68 function save_data: "DB IDEX IS 10001000000071"
<pid=10475|tid=140406757377792>(14:33:46)[LOG_DEBUG] in ../db_server/DB_Manager.cpp:98 function push_data_block: "push db message load_player_num_=0, create_player_num_=50, save_player_num_=22"
<pid=10475|tid=140406757377792>(14:33:46)[LOG_DEBUG] in ../db_server/DB_Manager.cpp:98 function push_data_block: "push db message load_player_num_=0, create_player_num_=50, save_player_num_=23"
<pid=10475|tid=140406757377792>(14:33:46)[LOG_DEBUG] in ../db_server/DB_Manager.cpp:98 function push_data_block: "push db message load_player_num_=0, create_player_num_=50, save_player_num_=24"
<pid=10475|tid=140406723806976>(14:33:46)[LOG_DEBUG] in ../db_server/DB_Definition.cpp:68 function save_data: "DB IDEX IS 10001000000073"
<pid=10475|tid=140406732199680>(14:33:46)[LOG_DEBUG] in ../db_server/DB_Definition.cpp:68 function save_data: "DB IDEX IS 10001000000074"
<pid=10475|tid=140406740592384>(14:33:46)[LOG_DEBUG] in ../db_server/DB_Definition.cpp:68 function save_data: "DB IDEX IS 10001000000075"
<pid=10475|tid=140406757377792>(14:33:46)[LOG_DEBUG] in ../db_server/DB_Manager.cpp:98 function push_data_block: "push db message load_player_num_=0, create_player_num_=50, save_player_num_=25"
<pid=10475|tid=140406757377792>(14:33:46)[LOG_DEBUG] in ../db_server/DB_Manager.cpp:98 function push_data_block: "push db message load_player_num_=0, create_player_num_=50, save_player_num_=26"
<pid=10475|tid=140406364825344>(14:33:46)[LOG_DEBUG] in ../db_server/DB_Definition.cpp:68 function save_data: "DB IDEX IS 10001000000076"
<pid=10475|tid=140406373218048>(14:33:46)[LOG_DEBUG] in ../db_server/DB_Definition.cpp:68 function save_data: "DB IDEX IS 10001000000077"
<pid=10475|tid=140406757377792>(14:33:47)[LOG_DEBUG] in ../db_server/DB_Manager.cpp:98 function push_data_block: "push db message load_player_num_=0, create_player_num_=50, save_player_num_=27"
<pid=10475|tid=140406757377792>(14:33:47)[LOG_DEBUG] in ../db_server/DB_Manager.cpp:98 function push_data_block: "push db message load_player_num_=0, create_player_num_=50, save_player_num_=28"
<pid=10475|tid=140406757377792>(14:33:47)[LOG_DEBUG] in ../db_server/DB_Manager.cpp:98 function push_data_block: "push db message load_player_num_=0, create_player_num_=50, save_player_num_=29"
<pid=10475|tid=140406348039936>(14:33:47)[LOG_DEBUG] in ../db_server/DB_Definition.cpp:68 function save_data: "DB IDEX IS 10001000000079"
<pid=10475|tid=140406339647232>(14:33:47)[LOG_DEBUG] in ../db_server/DB_Definition.cpp:68 function save_data: "DB IDEX IS 10001000000078"
<pid=10475|tid=140406356432640>(14:33:47)[LOG_DEBUG] in ../db_server/DB_Definition.cpp:68 function save_data: "DB IDEX IS 10001000000080"
<pid=10475|tid=140406757377792>(14:33:47)[LOG_DEBUG] in ../db_server/DB_Manager.cpp:98 function push_data_block: "push db message load_player_num_=0, create_player_num_=50, save_player_num_=30"
<pid=10475|tid=140406757377792>(14:33:47)[LOG_DEBUG] in ../db_server/DB_Manager.cpp:98 function push_data_block: "push db message load_player_num_=0, create_player_num_=50, save_player_num_=31"
<pid=10475|tid=140406331254528>(14:33:47)[LOG_DEBUG] in ../db_server/DB_Definition.cpp:68 function save_data: "DB IDEX IS 10001000000082"
<pid=10475|tid=140406748985088>(14:33:47)[LOG_DEBUG] in ../db_server/DB_Definition.cpp:68 function save_data: "DB IDEX IS 10001000000081"
<pid=10475|tid=140406757377792>(14:33:48)[LOG_DEBUG] in ../db_server/DB_Manager.cpp:98 function push_data_block: "push db message load_player_num_=0, create_player_num_=50, save_player_num_=32"
<pid=10475|tid=140406757377792>(14:33:48)[LOG_DEBUG] in ../db_server/DB_Manager.cpp:98 function push_data_block: "push db message load_player_num_=0, create_player_num_=50, save_player_num_=33"
<pid=10475|tid=140406757377792>(14:33:48)[LOG_DEBUG] in ../db_server/DB_Manager.cpp:98 function push_data_block: "push db message load_player_num_=0, create_player_num_=50, save_player_num_=34"
<pid=10475|tid=140406740592384>(14:33:48)[LOG_DEBUG] in ../db_server/DB_Definition.cpp:68 function save_data: "DB IDEX IS 10001000000085"
<pid=10475|tid=140406723806976>(14:33:48)[LOG_DEBUG] in ../db_server/DB_Definition.cpp:68 function save_data: "DB IDEX IS 10001000000083"
<pid=10475|tid=140406732199680>(14:33:48)[LOG_DEBUG] in ../db_server/DB_Definition.cpp:68 function save_data: "DB IDEX IS 10001000000084"
<pid=10475|tid=140406757377792>(14:33:48)[LOG_DEBUG] in ../db_server/DB_Manager.cpp:98 function push_data_block: "push db message load_player_num_=0, create_player_num_=50, save_player_num_=35"
<pid=10475|tid=140406757377792>(14:33:48)[LOG_DEBUG] in ../db_server/DB_Manager.cpp:98 function push_data_block: "push db message load_player_num_=0, create_player_num_=50, save_player_num_=36"
<pid=10475|tid=140406364825344>(14:33:48)[LOG_DEBUG] in ../db_server/DB_Definition.cpp:68 function save_data: "DB IDEX IS 10001000000086"
<pid=10475|tid=140406373218048>(14:33:48)[LOG_DEBUG] in ../db_server/DB_Definition.cpp:68 function save_data: "DB IDEX IS 10001000000087"
<pid=10475|tid=140406757377792>(14:33:49)[LOG_DEBUG] in ../db_server/DB_Manager.cpp:98 function push_data_block: "push db message load_player_num_=0, create_player_num_=50, save_player_num_=37"
<pid=10475|tid=140406757377792>(14:33:49)[LOG_DEBUG] in ../db_server/DB_Manager.cpp:98 function push_data_block: "push db message load_player_num_=0, create_player_num_=50, save_player_num_=38"
<pid=10475|tid=140406757377792>(14:33:49)[LOG_DEBUG] in ../db_server/DB_Manager.cpp:98 function push_data_block: "push db message load_player_num_=0, create_player_num_=50, save_player_num_=39"
<pid=10475|tid=140406339647232>(14:33:49)[LOG_DEBUG] in ../db_server/DB_Definition.cpp:68 function save_data: "DB IDEX IS 10001000000088"
<pid=10475|tid=140406348039936>(14:33:49)[LOG_DEBUG] in ../db_server/DB_Definition.cpp:68 function save_data: "DB IDEX IS 10001000000090"
<pid=10475|tid=140406356432640>(14:33:49)[LOG_DEBUG] in ../db_server/DB_Definition.cpp:68 function save_data: "DB IDEX IS 10001000000089"
<pid=10475|tid=140406757377792>(14:33:49)[LOG_DEBUG] in ../db_server/DB_Manager.cpp:98 function push_data_block: "push db message load_player_num_=0, create_player_num_=50, save_player_num_=40"
<pid=10475|tid=140406757377792>(14:33:49)[LOG_DEBUG] in ../db_server/DB_Manager.cpp:98 function push_data_block: "push db message load_player_num_=0, create_player_num_=50, save_player_num_=41"
<pid=10475|tid=140406748985088>(14:33:49)[LOG_DEBUG] in ../db_server/DB_Definition.cpp:68 function save_data: "DB IDEX IS 10001000000091"
<pid=10475|tid=140406331254528>(14:33:49)[LOG_DEBUG] in ../db_server/DB_Definition.cpp:68 function save_data: "DB IDEX IS 10001000000092"
<pid=10475|tid=140406757377792>(14:33:50)[LOG_DEBUG] in ../db_server/DB_Manager.cpp:98 function push_data_block: "push db message load_player_num_=0, create_player_num_=50, save_player_num_=42"
<pid=10475|tid=140406757377792>(14:33:50)[LOG_DEBUG] in ../db_server/DB_Manager.cpp:98 function push_data_block: "push db message load_player_num_=0, create_player_num_=50, save_player_num_=43"
<pid=10475|tid=140406732199680>(14:33:50)[LOG_DEBUG] in ../db_server/DB_Definition.cpp:68 function save_data: "DB IDEX IS 10001000000094"
<pid=10475|tid=140406740592384>(14:33:50)[LOG_DEBUG] in ../db_server/DB_Definition.cpp:68 function save_data: "DB IDEX IS 10001000000093"
<pid=10475|tid=140406757377792>(14:33:50)[LOG_DEBUG] in ../db_server/DB_Manager.cpp:98 function push_data_block: "push db message load_player_num_=0, create_player_num_=50, save_player_num_=44"
<pid=10475|tid=140406757377792>(14:33:50)[LOG_DEBUG] in ../db_server/DB_Manager.cpp:98 function push_data_block: "push db message load_player_num_=0, create_player_num_=50, save_player_num_=45"
<pid=10475|tid=140406757377792>(14:33:50)[LOG_DEBUG] in ../db_server/DB_Manager.cpp:98 function push_data_block: "push db message load_player_num_=0, create_player_num_=50, save_player_num_=46"
<pid=10475|tid=140406373218048>(14:33:50)[LOG_DEBUG] in ../db_server/DB_Definition.cpp:68 function save_data: "DB IDEX IS 10001000000096"
<pid=10475|tid=140406364825344>(14:33:50)[LOG_DEBUG] in ../db_server/DB_Definition.cpp:68 function save_data: "DB IDEX IS 10001000000095"
<pid=10475|tid=140406723806976>(14:33:51)[LOG_DEBUG] in ../db_server/DB_Definition.cpp:68 function save_data: "DB IDEX IS 10001000000097"
<pid=10475|tid=140406757377792>(14:33:51)[LOG_DEBUG] in ../db_server/DB_Manager.cpp:98 function push_data_block: "push db message load_player_num_=0, create_player_num_=50, save_player_num_=47"
<pid=10475|tid=140406757377792>(14:33:51)[LOG_DEBUG] in ../db_server/DB_Manager.cpp:98 function push_data_block: "push db message load_player_num_=0, create_player_num_=50, save_player_num_=48"
<pid=10475|tid=140406348039936>(14:33:51)[LOG_DEBUG] in ../db_server/DB_Definition.cpp:68 function save_data: "DB IDEX IS 10001000000098"
<pid=10475|tid=140406356432640>(14:33:51)[LOG_DEBUG] in ../db_server/DB_Definition.cpp:68 function save_data: "DB IDEX IS 10001000000099"
<pid=10475|tid=140406757377792>(14:33:52)[LOG_DEBUG] in ../db_server/DB_Manager.cpp:98 function push_data_block: "push db message load_player_num_=0, create_player_num_=50, save_player_num_=49"
<pid=10475|tid=140406339647232>(14:33:52)[LOG_DEBUG] in ../db_server/DB_Definition.cpp:68 function save_data: "DB IDEX IS 10001000000100"
<pid=10475|tid=140406757377792>(14:33:52)[LOG_DEBUG] in ../db_server/DB_Manager.cpp:98 function push_data_block: "push db message load_player_num_=0, create_player_num_=50, save_player_num_=49"
<pid=10475|tid=140406331254528>(14:33:52)[LOG_DEBUG] in ../db_server/DB_Definition.cpp:68 function save_data: "DB IDEX IS 0"
<pid=10475|tid=140406331254528>(14:33:52)[LOG_DEBUG] in ../db_server/DB_Definition.cpp:73 function save_data: "mmo.guild save list size is 0"
<pid=10475|tid=140406757377792>(14:33:52)[LOG_DEBUG] in ../db_server/DB_Manager.cpp:98 function push_data_block: "push db message load_player_num_=0, create_player_num_=50, save_player_num_=49"
<pid=10475|tid=140406748985088>(14:33:52)[LOG_DEBUG] in ../db_server/DB_Definition.cpp:68 function save_data: "DB IDEX IS 0"
<pid=10475|tid=140406748985088>(14:33:52)[LOG_DEBUG] in ../db_server/DB_Definition.cpp:73 function save_data: "mmo.rank save list size is 1"
<pid=10475|tid=140406757377792>(14:34:7)[LOG_DEBUG] in ../db_server/DB_Manager.cpp:98 function push_data_block: "push db message load_player_num_=0, create_player_num_=50, save_player_num_=49"
<pid=10475|tid=140406757377792>(14:34:7)[LOG_DEBUG] in ../db_server/DB_Manager.cpp:98 function push_data_block: "push db message load_player_num_=0, create_player_num_=50, save_player_num_=49"
<pid=10475|tid=140406732199680>(14:34:7)[LOG_DEBUG] in ../db_server/DB_Definition.cpp:68 function save_data: "DB IDEX IS 0"
<pid=10475|tid=140406732199680>(14:34:7)[LOG_DEBUG] in ../db_server/DB_Definition.cpp:73 function save_data: "mmo.rank save list size is 1"
<pid=10475|tid=140406740592384>(14:34:7)[LOG_DEBUG] in ../db_server/DB_Definition.cpp:68 function save_data: "DB IDEX IS 0"
<pid=10475|tid=140406740592384>(14:34:7)[LOG_DEBUG] in ../db_server/DB_Definition.cpp:73 function save_data: "mmo.guild save list size is 0"
<pid=10475|tid=140406757377792>(14:34:11)[LOG_DEBUG] in ../db_server/DB_Manager.cpp:98 function push_data_block: "push db message load_player_num_=0, create_player_num_=50, save_player_num_=50"
<pid=10475|tid=140406757377792>(14:34:11)[LOG_DEBUG] in ../db_server/DB_Manager.cpp:98 function push_data_block: "push db message load_player_num_=0, create_player_num_=50, save_player_num_=51"
<pid=10475|tid=140406748985088>(14:34:11)[LOG_DEBUG] in ../db_server/DB_Definition.cpp:68 function save_data: "DB IDEX IS 10001000000051"
<pid=10475|tid=140406331254528>(14:34:11)[LOG_DEBUG] in ../db_server/DB_Definition.cpp:68 function save_data: "DB IDEX IS 10001000000052"
<pid=10475|tid=140406757377792>(14:34:12)[LOG_DEBUG] in ../db_server/DB_Manager.cpp:98 function push_data_block: "push db message load_player_num_=0, create_player_num_=50, save_player_num_=52"
<pid=10475|tid=140406757377792>(14:34:12)[LOG_DEBUG] in ../db_server/DB_Manager.cpp:98 function push_data_block: "push db message load_player_num_=0, create_player_num_=50, save_player_num_=53"
<pid=10475|tid=140406757377792>(14:34:12)[LOG_DEBUG] in ../db_server/DB_Manager.cpp:98 function push_data_block: "push db message load_player_num_=0, create_player_num_=50, save_player_num_=54"
<pid=10475|tid=140406732199680>(14:34:12)[LOG_DEBUG] in ../db_server/DB_Definition.cpp:68 function save_data: "DB IDEX IS 10001000000055"
<pid=10475|tid=140406740592384>(14:34:12)[LOG_DEBUG] in ../db_server/DB_Definition.cpp:68 function save_data: "DB IDEX IS 10001000000054"
<pid=10475|tid=140406723806976>(14:34:12)[LOG_DEBUG] in ../db_server/DB_Definition.cpp:68 function save_data: "DB IDEX IS 10001000000053"
<pid=10475|tid=140406757377792>(14:34:12)[LOG_DEBUG] in ../db_server/DB_Manager.cpp:98 function push_data_block: "push db message load_player_num_=0, create_player_num_=50, save_player_num_=55"
<pid=10475|tid=140406757377792>(14:34:12)[LOG_DEBUG] in ../db_server/DB_Manager.cpp:98 function push_data_block: "push db message load_player_num_=0, create_player_num_=50, save_player_num_=56"
<pid=10475|tid=140406364825344>(14:34:12)[LOG_DEBUG] in ../db_server/DB_Definition.cpp:68 function save_data: "DB IDEX IS 10001000000056"
<pid=10475|tid=140406373218048>(14:34:12)[LOG_DEBUG] in ../db_server/DB_Definition.cpp:68 function save_data: "DB IDEX IS 10001000000057"
<pid=10475|tid=140406757377792>(14:34:13)[LOG_DEBUG] in ../db_server/DB_Manager.cpp:98 function push_data_block: "push db message load_player_num_=0, create_player_num_=50, save_player_num_=57"
<pid=10475|tid=140406757377792>(14:34:13)[LOG_DEBUG] in ../db_server/DB_Manager.cpp:98 function push_data_block: "push db message load_player_num_=0, create_player_num_=50, save_player_num_=58"
<pid=10475|tid=140406757377792>(14:34:13)[LOG_DEBUG] in ../db_server/DB_Manager.cpp:98 function push_data_block: "push db message load_player_num_=0, create_player_num_=50, save_player_num_=59"
<pid=10475|tid=140406356432640>(14:34:13)[LOG_DEBUG] in ../db_server/DB_Definition.cpp:68 function save_data: "DB IDEX IS 10001000000058"
<pid=10475|tid=140406339647232>(14:34:13)[LOG_DEBUG] in ../db_server/DB_Definition.cpp:68 function save_data: "DB IDEX IS 10001000000060"
<pid=10475|tid=140406348039936>(14:34:13)[LOG_DEBUG] in ../db_server/DB_Definition.cpp:68 function save_data: "DB IDEX IS 10001000000059"
<pid=10475|tid=140406757377792>(14:34:14)[LOG_DEBUG] in ../db_server/DB_Manager.cpp:98 function push_data_block: "push db message load_player_num_=0, create_player_num_=50, save_player_num_=60"
<pid=10475|tid=140406757377792>(14:34:14)[LOG_DEBUG] in ../db_server/DB_Manager.cpp:98 function push_data_block: "push db message load_player_num_=0, create_player_num_=50, save_player_num_=61"
<pid=10475|tid=140406757377792>(14:34:14)[LOG_DEBUG] in ../db_server/DB_Manager.cpp:98 function push_data_block: "push db message load_player_num_=0, create_player_num_=50, save_player_num_=62"
<pid=10475|tid=140406740592384>(14:34:14)[LOG_DEBUG] in ../db_server/DB_Definition.cpp:68 function save_data: "DB IDEX IS 10001000000061"
<pid=10475|tid=140406748985088>(14:34:14)[LOG_DEBUG] in ../db_server/DB_Definition.cpp:68 function save_data: "DB IDEX IS 10001000000062"
<pid=10475|tid=140406331254528>(14:34:14)[LOG_DEBUG] in ../db_server/DB_Definition.cpp:68 function save_data: "DB IDEX IS 10001000000063"
<pid=10475|tid=140406757377792>(14:34:14)[LOG_DEBUG] in ../db_server/DB_Manager.cpp:98 function push_data_block: "push db message load_player_num_=0, create_player_num_=50, save_player_num_=63"
<pid=10475|tid=140406757377792>(14:34:14)[LOG_DEBUG] in ../db_server/DB_Manager.cpp:98 function push_data_block: "push db message load_player_num_=0, create_player_num_=50, save_player_num_=64"
<pid=10475|tid=140406723806976>(14:34:14)[LOG_DEBUG] in ../db_server/DB_Definition.cpp:68 function save_data: "DB IDEX IS 10001000000064"
<pid=10475|tid=140406732199680>(14:34:14)[LOG_DEBUG] in ../db_server/DB_Definition.cpp:68 function save_data: "DB IDEX IS 10001000000065"
<pid=10475|tid=140406757377792>(14:34:15)[LOG_DEBUG] in ../db_server/DB_Manager.cpp:98 function push_data_block: "push db message load_player_num_=0, create_player_num_=50, save_player_num_=65"
<pid=10475|tid=140406757377792>(14:34:15)[LOG_DEBUG] in ../db_server/DB_Manager.cpp:98 function push_data_block: "push db message load_player_num_=0, create_player_num_=50, save_player_num_=66"
<pid=10475|tid=140406373218048>(14:34:15)[LOG_DEBUG] in ../db_server/DB_Definition.cpp:68 function save_data: "DB IDEX IS 10001000000067"
<pid=10475|tid=140406364825344>(14:34:15)[LOG_DEBUG] in ../db_server/DB_Definition.cpp:68 function save_data: "DB IDEX IS 10001000000066"
<pid=10475|tid=140406757377792>(14:34:15)[LOG_DEBUG] in ../db_server/DB_Manager.cpp:98 function push_data_block: "push db message load_player_num_=0, create_player_num_=50, save_player_num_=67"
<pid=10475|tid=140406757377792>(14:34:15)[LOG_DEBUG] in ../db_server/DB_Manager.cpp:98 function push_data_block: "push db message load_player_num_=0, create_player_num_=50, save_player_num_=68"
<pid=10475|tid=140406757377792>(14:34:15)[LOG_DEBUG] in ../db_server/DB_Manager.cpp:98 function push_data_block: "push db message load_player_num_=0, create_player_num_=50, save_player_num_=69"
<pid=10475|tid=140406339647232>(14:34:15)[LOG_DEBUG] in ../db_server/DB_Definition.cpp:68 function save_data: "DB IDEX IS 10001000000068"
<pid=10475|tid=140406356432640>(14:34:15)[LOG_DEBUG] in ../db_server/DB_Definition.cpp:68 function save_data: "DB IDEX IS 10001000000070"
<pid=10475|tid=140406348039936>(14:34:15)[LOG_DEBUG] in ../db_server/DB_Definition.cpp:68 function save_data: "DB IDEX IS 10001000000069"
<pid=10475|tid=140406757377792>(14:34:16)[LOG_DEBUG] in ../db_server/DB_Manager.cpp:98 function push_data_block: "push db message load_player_num_=0, create_player_num_=50, save_player_num_=70"
<pid=10475|tid=140406757377792>(14:34:16)[LOG_DEBUG] in ../db_server/DB_Manager.cpp:98 function push_data_block: "push db message load_player_num_=0, create_player_num_=50, save_player_num_=71"
<pid=10475|tid=140406748985088>(14:34:16)[LOG_DEBUG] in ../db_server/DB_Definition.cpp:68 function save_data: "DB IDEX IS 10001000000072"
<pid=10475|tid=140406331254528>(14:34:16)[LOG_DEBUG] in ../db_server/DB_Definition.cpp:68 function save_data: "DB IDEX IS 10001000000071"
<pid=10475|tid=140406757377792>(14:34:16)[LOG_DEBUG] in ../db_server/DB_Manager.cpp:98 function push_data_block: "push db message load_player_num_=0, create_player_num_=50, save_player_num_=72"
<pid=10475|tid=140406757377792>(14:34:16)[LOG_DEBUG] in ../db_server/DB_Manager.cpp:98 function push_data_block: "push db message load_player_num_=0, create_player_num_=50, save_player_num_=73"
<pid=10475|tid=140406757377792>(14:34:16)[LOG_DEBUG] in ../db_server/DB_Manager.cpp:98 function push_data_block: "push db message load_player_num_=0, create_player_num_=50, save_player_num_=74"
<pid=10475|tid=140406732199680>(14:34:16)[LOG_DEBUG] in ../db_server/DB_Definition.cpp:68 function save_data: "DB IDEX IS 10001000000074"
<pid=10475|tid=140406740592384>(14:34:16)[LOG_DEBUG] in ../db_server/DB_Definition.cpp:68 function save_data: "DB IDEX IS 10001000000075"
<pid=10475|tid=140406723806976>(14:34:16)[LOG_DEBUG] in ../db_server/DB_Definition.cpp:68 function save_data: "DB IDEX IS 10001000000073"
<pid=10475|tid=140406757377792>(14:34:17)[LOG_DEBUG] in ../db_server/DB_Manager.cpp:98 function push_data_block: "push db message load_player_num_=0, create_player_num_=50, save_player_num_=75"
<pid=10475|tid=140406757377792>(14:34:17)[LOG_DEBUG] in ../db_server/DB_Manager.cpp:98 function push_data_block: "push db message load_player_num_=0, create_player_num_=50, save_player_num_=76"
<pid=10475|tid=140406364825344>(14:34:17)[LOG_DEBUG] in ../db_server/DB_Definition.cpp:68 function save_data: "DB IDEX IS 10001000000076"
<pid=10475|tid=140406373218048>(14:34:17)[LOG_DEBUG] in ../db_server/DB_Definition.cpp:68 function save_data: "DB IDEX IS 10001000000077"
<pid=10475|tid=140406757377792>(14:34:17)[LOG_DEBUG] in ../db_server/DB_Manager.cpp:98 function push_data_block: "push db message load_player_num_=0, create_player_num_=50, save_player_num_=77"
<pid=10475|tid=140406757377792>(14:34:17)[LOG_DEBUG] in ../db_server/DB_Manager.cpp:98 function push_data_block: "push db message load_player_num_=0, create_player_num_=50, save_player_num_=78"
<pid=10475|tid=140406757377792>(14:34:17)[LOG_DEBUG] in ../db_server/DB_Manager.cpp:98 function push_data_block: "push db message load_player_num_=0, create_player_num_=50, save_player_num_=79"
<pid=10475|tid=140406348039936>(14:34:17)[LOG_DEBUG] in ../db_server/DB_Definition.cpp:68 function save_data: "DB IDEX IS 10001000000079"
<pid=10475|tid=140406356432640>(14:34:17)[LOG_DEBUG] in ../db_server/DB_Definition.cpp:68 function save_data: "DB IDEX IS 10001000000080"
<pid=10475|tid=140406339647232>(14:34:17)[LOG_DEBUG] in ../db_server/DB_Definition.cpp:68 function save_data: "DB IDEX IS 10001000000078"
<pid=10475|tid=140406757377792>(14:34:18)[LOG_DEBUG] in ../db_server/DB_Manager.cpp:98 function push_data_block: "push db message load_player_num_=0, create_player_num_=50, save_player_num_=80"
<pid=10475|tid=140406331254528>(14:34:18)[LOG_DEBUG] in ../db_server/DB_Definition.cpp:68 function save_data: "DB IDEX IS 10001000000082"
<pid=10475|tid=140406757377792>(14:34:18)[LOG_DEBUG] in ../db_server/DB_Manager.cpp:98 function push_data_block: "push db message load_player_num_=0, create_player_num_=50, save_player_num_=81"
<pid=10475|tid=140406748985088>(14:34:18)[LOG_DEBUG] in ../db_server/DB_Definition.cpp:68 function save_data: "DB IDEX IS 10001000000081"
<pid=10475|tid=140406757377792>(14:34:18)[LOG_DEBUG] in ../db_server/DB_Manager.cpp:98 function push_data_block: "push db message load_player_num_=0, create_player_num_=50, save_player_num_=82"
<pid=10475|tid=140406757377792>(14:34:18)[LOG_DEBUG] in ../db_server/DB_Manager.cpp:98 function push_data_block: "push db message load_player_num_=0, create_player_num_=50, save_player_num_=83"
<pid=10475|tid=140406757377792>(14:34:18)[LOG_DEBUG] in ../db_server/DB_Manager.cpp:98 function push_data_block: "push db message load_player_num_=0, create_player_num_=50, save_player_num_=84"
<pid=10475|tid=140406732199680>(14:34:18)[LOG_DEBUG] in ../db_server/DB_Definition.cpp:68 function save_data: "DB IDEX IS 10001000000084"
<pid=10475|tid=140406723806976>(14:34:18)[LOG_DEBUG] in ../db_server/DB_Definition.cpp:68 function save_data: "DB IDEX IS 10001000000083"
<pid=10475|tid=140406740592384>(14:34:18)[LOG_DEBUG] in ../db_server/DB_Definition.cpp:68 function save_data: "DB IDEX IS 10001000000085"
<pid=10475|tid=140406757377792>(14:34:19)[LOG_DEBUG] in ../db_server/DB_Manager.cpp:98 function push_data_block: "push db message load_player_num_=0, create_player_num_=50, save_player_num_=85"
<pid=10475|tid=140406757377792>(14:34:19)[LOG_DEBUG] in ../db_server/DB_Manager.cpp:98 function push_data_block: "push db message load_player_num_=0, create_player_num_=50, save_player_num_=86"
<pid=10475|tid=140406757377792>(14:34:19)[LOG_DEBUG] in ../db_server/DB_Manager.cpp:98 function push_data_block: "push db message load_player_num_=0, create_player_num_=50, save_player_num_=87"
<pid=10475|tid=140406757377792>(14:34:19)[LOG_DEBUG] in ../db_server/DB_Manager.cpp:98 function push_data_block: "push db message load_player_num_=0, create_player_num_=50, save_player_num_=88"
<pid=10475|tid=140406757377792>(14:34:19)[LOG_DEBUG] in ../db_server/DB_Manager.cpp:98 function push_data_block: "push db message load_player_num_=0, create_player_num_=50, save_player_num_=89"
<pid=10475|tid=140406348039936>(14:34:19)[LOG_DEBUG] in ../db_server/DB_Definition.cpp:68 function save_data: "DB IDEX IS 10001000000087"
<pid=10475|tid=140406339647232>(14:34:19)[LOG_DEBUG] in ../db_server/DB_Definition.cpp:68 function save_data: "DB IDEX IS 10001000000086"
<pid=10475|tid=140406373218048>(14:34:19)[LOG_DEBUG] in ../db_server/DB_Definition.cpp:68 function save_data: "DB IDEX IS 10001000000089"
<pid=10475|tid=140406364825344>(14:34:19)[LOG_DEBUG] in ../db_server/DB_Definition.cpp:68 function save_data: "DB IDEX IS 10001000000090"
<pid=10475|tid=140406356432640>(14:34:19)[LOG_DEBUG] in ../db_server/DB_Definition.cpp:68 function save_data: "DB IDEX IS 10001000000088"
<pid=10475|tid=140406757377792>(14:34:20)[LOG_DEBUG] in ../db_server/DB_Manager.cpp:98 function push_data_block: "push db message load_player_num_=0, create_player_num_=50, save_player_num_=90"
<pid=10475|tid=140406757377792>(14:34:20)[LOG_DEBUG] in ../db_server/DB_Manager.cpp:98 function push_data_block: "push db message load_player_num_=0, create_player_num_=50, save_player_num_=91"
<pid=10475|tid=140406331254528>(14:34:20)[LOG_DEBUG] in ../db_server/DB_Definition.cpp:68 function save_data: "DB IDEX IS 10001000000092"
<pid=10475|tid=140406748985088>(14:34:20)[LOG_DEBUG] in ../db_server/DB_Definition.cpp:68 function save_data: "DB IDEX IS 10001000000091"
<pid=10475|tid=140406757377792>(14:34:20)[LOG_DEBUG] in ../db_server/DB_Manager.cpp:98 function push_data_block: "push db message load_player_num_=0, create_player_num_=50, save_player_num_=92"
<pid=10475|tid=140406757377792>(14:34:20)[LOG_DEBUG] in ../db_server/DB_Manager.cpp:98 function push_data_block: "push db message load_player_num_=0, create_player_num_=50, save_player_num_=93"
<pid=10475|tid=140406732199680>(14:34:20)[LOG_DEBUG] in ../db_server/DB_Definition.cpp:68 function save_data: "DB IDEX IS 10001000000094"
<pid=10475|tid=140406740592384>(14:34:20)[LOG_DEBUG] in ../db_server/DB_Definition.cpp:68 function save_data: "DB IDEX IS 10001000000093"
<pid=10475|tid=140406757377792>(14:34:21)[LOG_DEBUG] in ../db_server/DB_Manager.cpp:98 function push_data_block: "push db message load_player_num_=0, create_player_num_=50, save_player_num_=94"
<pid=10475|tid=140406757377792>(14:34:21)[LOG_DEBUG] in ../db_server/DB_Manager.cpp:98 function push_data_block: "push db message load_player_num_=0, create_player_num_=50, save_player_num_=95"
<pid=10475|tid=140406757377792>(14:34:21)[LOG_DEBUG] in ../db_server/DB_Manager.cpp:98 function push_data_block: "push db message load_player_num_=0, create_player_num_=50, save_player_num_=96"
<pid=10475|tid=140406723806976>(14:34:21)[LOG_DEBUG] in ../db_server/DB_Definition.cpp:68 function save_data: "DB IDEX IS 10001000000097"
<pid=10475|tid=140406364825344>(14:34:21)[LOG_DEBUG] in ../db_server/DB_Definition.cpp:68 function save_data: "DB IDEX IS 10001000000095"
<pid=10475|tid=140406373218048>(14:34:21)[LOG_DEBUG] in ../db_server/DB_Definition.cpp:68 function save_data: "DB IDEX IS 10001000000096"
<pid=10475|tid=140406757377792>(14:34:21)[LOG_DEBUG] in ../db_server/DB_Manager.cpp:98 function push_data_block: "push db message load_player_num_=0, create_player_num_=50, save_player_num_=97"
<pid=10475|tid=140406757377792>(14:34:21)[LOG_DEBUG] in ../db_server/DB_Manager.cpp:98 function push_data_block: "push db message load_player_num_=0, create_player_num_=50, save_player_num_=98"
<pid=10475|tid=140406356432640>(14:34:21)[LOG_DEBUG] in ../db_server/DB_Definition.cpp:68 function save_data: "DB IDEX IS 10001000000099"
<pid=10475|tid=140406348039936>(14:34:21)[LOG_DEBUG] in ../db_server/DB_Definition.cpp:68 function save_data: "DB IDEX IS 10001000000098"
<pid=10475|tid=140406757377792>(14:34:22)[LOG_DEBUG] in ../db_server/DB_Manager.cpp:98 function push_data_block: "push db message load_player_num_=0, create_player_num_=50, save_player_num_=99"
<pid=10475|tid=140406339647232>(14:34:22)[LOG_DEBUG] in ../db_server/DB_Definition.cpp:68 function save_data: "DB IDEX IS 10001000000100"
<pid=10475|tid=140406757377792>(14:34:22)[LOG_DEBUG] in ../db_server/DB_Manager.cpp:98 function push_data_block: "push db message load_player_num_=0, create_player_num_=50, save_player_num_=99"
<pid=10475|tid=140406757377792>(14:34:22)[LOG_DEBUG] in ../db_server/DB_Manager.cpp:98 function push_data_block: "push db message load_player_num_=0, create_player_num_=50, save_player_num_=99"
<pid=10475|tid=140406723806976>(14:34:22)[LOG_DEBUG] in ../db_server/DB_Definition.cpp:68 function save_data: "DB IDEX IS 0"
<pid=10475|tid=140406723806976>(14:34:22)[LOG_DEBUG] in ../db_server/DB_Definition.cpp:73 function save_data: "mmo.guild save list size is 0"
<pid=10475|tid=140406373218048>(14:34:22)[LOG_DEBUG] in ../db_server/DB_Definition.cpp:68 function save_data: "DB IDEX IS 0"
<pid=10475|tid=140406373218048>(14:34:22)[LOG_DEBUG] in ../db_server/DB_Definition.cpp:73 function save_data: "mmo.rank save list size is 1"
<pid=10475|tid=140406757377792>(14:34:37)[LOG_DEBUG] in ../db_server/DB_Manager.cpp:98 function push_data_block: "push db message load_player_num_=0, create_player_num_=50, save_player_num_=99"
<pid=10475|tid=140406757377792>(14:34:37)[LOG_DEBUG] in ../db_server/DB_Manager.cpp:98 function push_data_block: "push db message load_player_num_=0, create_player_num_=50, save_player_num_=99"
<pid=10475|tid=140406364825344>(14:34:37)[LOG_DEBUG] in ../db_server/DB_Definition.cpp:68 function save_data: "DB IDEX IS 0"
<pid=10475|tid=140406356432640>(14:34:37)[LOG_DEBUG] in ../db_server/DB_Definition.cpp:68 function save_data: "DB IDEX IS 0"
<pid=10475|tid=140406364825344>(14:34:37)[LOG_DEBUG] in ../db_server/DB_Definition.cpp:73 function save_data: "mmo.guild save list size is 0"
<pid=10475|tid=140406356432640>(14:34:37)[LOG_DEBUG] in ../db_server/DB_Definition.cpp:73 function save_data: "mmo.rank save list size is 1"
<pid=10475|tid=140406757377792>(14:34:42)[LOG_DEBUG] in ../db_server/DB_Manager.cpp:98 function push_data_block: "push db message load_player_num_=0, create_player_num_=50, save_player_num_=100"
<pid=10475|tid=140406757377792>(14:34:42)[LOG_DEBUG] in ../db_server/DB_Manager.cpp:98 function push_data_block: "push db message load_player_num_=0, create_player_num_=50, save_player_num_=101"
<pid=10475|tid=140406331254528>(14:34:42)[LOG_DEBUG] in ../db_server/DB_Definition.cpp:68 function save_data: "DB IDEX IS 10001000000052"
<pid=10475|tid=140406748985088>(14:34:42)[LOG_DEBUG] in ../db_server/DB_Definition.cpp:68 function save_data: "DB IDEX IS 10001000000051"
<pid=10475|tid=140406757377792>(14:34:42)[LOG_DEBUG] in ../db_server/DB_Manager.cpp:98 function push_data_block: "push db message load_player_num_=0, create_player_num_=50, save_player_num_=102"
<pid=10475|tid=140406757377792>(14:34:42)[LOG_DEBUG] in ../db_server/DB_Manager.cpp:98 function push_data_block: "push db message load_player_num_=0, create_player_num_=50, save_player_num_=103"
<pid=10475|tid=140406757377792>(14:34:42)[LOG_DEBUG] in ../db_server/DB_Manager.cpp:98 function push_data_block: "push db message load_player_num_=0, create_player_num_=50, save_player_num_=104"
<pid=10475|tid=140406732199680>(14:34:42)[LOG_DEBUG] in ../db_server/DB_Definition.cpp:68 function save_data: "DB IDEX IS 10001000000055"
<pid=10475|tid=140406723806976>(14:34:42)[LOG_DEBUG] in ../db_server/DB_Definition.cpp:68 function save_data: "DB IDEX IS 10001000000053"
<pid=10475|tid=140406740592384>(14:34:42)[LOG_DEBUG] in ../db_server/DB_Definition.cpp:68 function save_data: "DB IDEX IS 10001000000054"
<pid=10475|tid=140406757377792>(14:34:43)[LOG_DEBUG] in ../db_server/DB_Manager.cpp:98 function push_data_block: "push db message load_player_num_=0, create_player_num_=50, save_player_num_=105"
<pid=10475|tid=140406757377792>(14:34:43)[LOG_DEBUG] in ../db_server/DB_Manager.cpp:98 function push_data_block: "push db message load_player_num_=0, create_player_num_=50, save_player_num_=106"
<pid=10475|tid=140406364825344>(14:34:43)[LOG_DEBUG] in ../db_server/DB_Definition.cpp:68 function save_data: "DB IDEX IS 10001000000056"
<pid=10475|tid=140406373218048>(14:34:43)[LOG_DEBUG] in ../db_server/DB_Definition.cpp:68 function save_data: "DB IDEX IS 10001000000057"
<pid=10475|tid=140406356432640>(14:34:44)[LOG_DEBUG] in ../db_server/DB_Definition.cpp:68 function save_data: "DB IDEX IS 10001000000058"
<pid=10475|tid=140406757377792>(14:34:44)[LOG_DEBUG] in ../db_server/DB_Manager.cpp:98 function push_data_block: "push db message load_player_num_=0, create_player_num_=50, save_player_num_=107"
<pid=10475|tid=140406757377792>(14:34:44)[LOG_DEBUG] in ../db_server/DB_Manager.cpp:98 function push_data_block: "push db message load_player_num_=0, create_player_num_=50, save_player_num_=108"
<pid=10475|tid=140406757377792>(14:34:44)[LOG_DEBUG] in ../db_server/DB_Manager.cpp:98 function push_data_block: "push db message load_player_num_=0, create_player_num_=50, save_player_num_=109"
<pid=10475|tid=140406339647232>(14:34:44)[LOG_DEBUG] in ../db_server/DB_Definition.cpp:68 function save_data: "DB IDEX IS 10001000000060"
<pid=10475|tid=140406348039936>(14:34:44)[LOG_DEBUG] in ../db_server/DB_Definition.cpp:68 function save_data: "DB IDEX IS 10001000000059"
<pid=10475|tid=140406757377792>(14:34:44)[LOG_DEBUG] in ../db_server/DB_Manager.cpp:98 function push_data_block: "push db message load_player_num_=0, create_player_num_=50, save_player_num_=110"
<pid=10475|tid=140406757377792>(14:34:44)[LOG_DEBUG] in ../db_server/DB_Manager.cpp:98 function push_data_block: "push db message load_player_num_=0, create_player_num_=50, save_player_num_=111"
<pid=10475|tid=140406757377792>(14:34:44)[LOG_DEBUG] in ../db_server/DB_Manager.cpp:98 function push_data_block: "push db message load_player_num_=0, create_player_num_=50, save_player_num_=112"
<pid=10475|tid=140406740592384>(14:34:44)[LOG_DEBUG] in ../db_server/DB_Definition.cpp:68 function save_data: "DB IDEX IS 10001000000061"
<pid=10475|tid=140406331254528>(14:34:44)[LOG_DEBUG] in ../db_server/DB_Definition.cpp:68 function save_data: "DB IDEX IS 10001000000063"
<pid=10475|tid=140406748985088>(14:34:44)[LOG_DEBUG] in ../db_server/DB_Definition.cpp:68 function save_data: "DB IDEX IS 10001000000062"
<pid=10475|tid=140406757377792>(14:34:45)[LOG_DEBUG] in ../db_server/DB_Manager.cpp:98 function push_data_block: "push db message load_player_num_=0, create_player_num_=50, save_player_num_=113"
<pid=10475|tid=140406757377792>(14:34:45)[LOG_DEBUG] in ../db_server/DB_Manager.cpp:98 function push_data_block: "push db message load_player_num_=0, create_player_num_=50, save_player_num_=114"
<pid=10475|tid=140406732199680>(14:34:45)[LOG_DEBUG] in ../db_server/DB_Definition.cpp:68 function save_data: "DB IDEX IS 10001000000065"
<pid=10475|tid=140406723806976>(14:34:45)[LOG_DEBUG] in ../db_server/DB_Definition.cpp:68 function save_data: "DB IDEX IS 10001000000064"
<pid=10475|tid=140406757377792>(14:34:45)[LOG_DEBUG] in ../db_server/DB_Manager.cpp:98 function push_data_block: "push db message load_player_num_=0, create_player_num_=50, save_player_num_=115"
<pid=10475|tid=140406373218048>(14:34:45)[LOG_DEBUG] in ../db_server/DB_Definition.cpp:68 function save_data: "DB IDEX IS 10001000000067"
<pid=10475|tid=140406757377792>(14:34:45)[LOG_DEBUG] in ../db_server/DB_Manager.cpp:98 function push_data_block: "push db message load_player_num_=0, create_player_num_=50, save_player_num_=116"
<pid=10475|tid=140406364825344>(14:34:45)[LOG_DEBUG] in ../db_server/DB_Definition.cpp:68 function save_data: "DB IDEX IS 10001000000066"
<pid=10475|tid=140406757377792>(14:34:46)[LOG_DEBUG] in ../db_server/DB_Manager.cpp:98 function push_data_block: "push db message load_player_num_=0, create_player_num_=50, save_player_num_=117"
<pid=10475|tid=140406757377792>(14:34:46)[LOG_DEBUG] in ../db_server/DB_Manager.cpp:98 function push_data_block: "push db message load_player_num_=0, create_player_num_=50, save_player_num_=118"
<pid=10475|tid=140406757377792>(14:34:46)[LOG_DEBUG] in ../db_server/DB_Manager.cpp:98 function push_data_block: "push db message load_player_num_=0, create_player_num_=50, save_player_num_=119"
<pid=10475|tid=140406356432640>(14:34:46)[LOG_DEBUG] in ../db_server/DB_Definition.cpp:68 function save_data: "DB IDEX IS 10001000000070"
<pid=10475|tid=140406348039936>(14:34:46)[LOG_DEBUG] in ../db_server/DB_Definition.cpp:68 function save_data: "DB IDEX IS 10001000000069"
<pid=10475|tid=140406339647232>(14:34:46)[LOG_DEBUG] in ../db_server/DB_Definition.cpp:68 function save_data: "DB IDEX IS 10001000000068"
<pid=10475|tid=140406757377792>(14:34:46)[LOG_DEBUG] in ../db_server/DB_Manager.cpp:98 function push_data_block: "push db message load_player_num_=0, create_player_num_=50, save_player_num_=120"
<pid=10475|tid=140406757377792>(14:34:46)[LOG_DEBUG] in ../db_server/DB_Manager.cpp:98 function push_data_block: "push db message load_player_num_=0, create_player_num_=50, save_player_num_=121"
<pid=10475|tid=140406748985088>(14:34:46)[LOG_DEBUG] in ../db_server/DB_Definition.cpp:68 function save_data: "DB IDEX IS 10001000000072"
<pid=10475|tid=140406331254528>(14:34:46)[LOG_DEBUG] in ../db_server/DB_Definition.cpp:68 function save_data: "DB IDEX IS 10001000000071"
<pid=10475|tid=140406757377792>(14:34:47)[LOG_DEBUG] in ../db_server/DB_Manager.cpp:98 function push_data_block: "push db message load_player_num_=0, create_player_num_=50, save_player_num_=122"
<pid=10475|tid=140406757377792>(14:34:47)[LOG_DEBUG] in ../db_server/DB_Manager.cpp:98 function push_data_block: "push db message load_player_num_=0, create_player_num_=50, save_player_num_=123"
<pid=10475|tid=140406757377792>(14:34:47)[LOG_DEBUG] in ../db_server/DB_Manager.cpp:98 function push_data_block: "push db message load_player_num_=0, create_player_num_=50, save_player_num_=124"
<pid=10475|tid=140406740592384>(14:34:47)[LOG_DEBUG] in ../db_server/DB_Definition.cpp:68 function save_data: "DB IDEX IS 10001000000075"
<pid=10475|tid=140406723806976>(14:34:47)[LOG_DEBUG] in ../db_server/DB_Definition.cpp:68 function save_data: "DB IDEX IS 10001000000073"
<pid=10475|tid=140406732199680>(14:34:47)[LOG_DEBUG] in ../db_server/DB_Definition.cpp:68 function save_data: "DB IDEX IS 10001000000074"
<pid=10475|tid=140406373218048>(14:34:47)[LOG_DEBUG] in ../db_server/DB_Definition.cpp:68 function save_data: "DB IDEX IS 10001000000077"
<pid=10475|tid=140406757377792>(14:34:47)[LOG_DEBUG] in ../db_server/DB_Manager.cpp:98 function push_data_block: "push db message load_player_num_=0, create_player_num_=50, save_player_num_=125"
<pid=10475|tid=140406757377792>(14:34:47)[LOG_DEBUG] in ../db_server/DB_Manager.cpp:98 function push_data_block: "push db message load_player_num_=0, create_player_num_=50, save_player_num_=126"
<pid=10475|tid=140406364825344>(14:34:47)[LOG_DEBUG] in ../db_server/DB_Definition.cpp:68 function save_data: "DB IDEX IS 10001000000076"
<pid=10475|tid=140406757377792>(14:34:48)[LOG_DEBUG] in ../db_server/DB_Manager.cpp:98 function push_data_block: "push db message load_player_num_=0, create_player_num_=50, save_player_num_=127"
<pid=10475|tid=140406757377792>(14:34:48)[LOG_DEBUG] in ../db_server/DB_Manager.cpp:98 function push_data_block: "push db message load_player_num_=0, create_player_num_=50, save_player_num_=128"
<pid=10475|tid=140406757377792>(14:34:48)[LOG_DEBUG] in ../db_server/DB_Manager.cpp:98 function push_data_block: "push db message load_player_num_=0, create_player_num_=50, save_player_num_=129"
<pid=10475|tid=140406348039936>(14:34:48)[LOG_DEBUG] in ../db_server/DB_Definition.cpp:68 function save_data: "DB IDEX IS 10001000000079"
<pid=10475|tid=140406356432640>(14:34:48)[LOG_DEBUG] in ../db_server/DB_Definition.cpp:68 function save_data: "DB IDEX IS 10001000000080"
<pid=10475|tid=140406339647232>(14:34:48)[LOG_DEBUG] in ../db_server/DB_Definition.cpp:68 function save_data: "DB IDEX IS 10001000000078"
<pid=10475|tid=140406757377792>(14:34:48)[LOG_DEBUG] in ../db_server/DB_Manager.cpp:98 function push_data_block: "push db message load_player_num_=0, create_player_num_=50, save_player_num_=130"
<pid=10475|tid=140406757377792>(14:34:48)[LOG_DEBUG] in ../db_server/DB_Manager.cpp:98 function push_data_block: "push db message load_player_num_=0, create_player_num_=50, save_player_num_=131"
<pid=10475|tid=140406748985088>(14:34:48)[LOG_DEBUG] in ../db_server/DB_Definition.cpp:68 function save_data: "DB IDEX IS 10001000000081"
<pid=10475|tid=140406331254528>(14:34:48)[LOG_DEBUG] in ../db_server/DB_Definition.cpp:68 function save_data: "DB IDEX IS 10001000000082"
<pid=10475|tid=140406757377792>(14:34:49)[LOG_DEBUG] in ../db_server/DB_Manager.cpp:98 function push_data_block: "push db message load_player_num_=0, create_player_num_=50, save_player_num_=132"
<pid=10475|tid=140406757377792>(14:34:49)[LOG_DEBUG] in ../db_server/DB_Manager.cpp:98 function push_data_block: "push db message load_player_num_=0, create_player_num_=50, save_player_num_=133"
<pid=10475|tid=140406757377792>(14:34:49)[LOG_DEBUG] in ../db_server/DB_Manager.cpp:98 function push_data_block: "push db message load_player_num_=0, create_player_num_=50, save_player_num_=134"
<pid=10475|tid=140406740592384>(14:34:49)[LOG_DEBUG] in ../db_server/DB_Definition.cpp:68 function save_data: "DB IDEX IS 10001000000085"
<pid=10475|tid=140406723806976>(14:34:49)[LOG_DEBUG] in ../db_server/DB_Definition.cpp:68 function save_data: "DB IDEX IS 10001000000083"
<pid=10475|tid=140406732199680>(14:34:49)[LOG_DEBUG] in ../db_server/DB_Definition.cpp:68 function save_data: "DB IDEX IS 10001000000084"
<pid=10475|tid=140406757377792>(14:34:49)[LOG_DEBUG] in ../db_server/DB_Manager.cpp:98 function push_data_block: "push db message load_player_num_=0, create_player_num_=50, save_player_num_=135"
<pid=10475|tid=140406757377792>(14:34:49)[LOG_DEBUG] in ../db_server/DB_Manager.cpp:98 function push_data_block: "push db message load_player_num_=0, create_player_num_=50, save_player_num_=136"
<pid=10475|tid=140406757377792>(14:34:49)[LOG_DEBUG] in ../db_server/DB_Manager.cpp:98 function push_data_block: "push db message load_player_num_=0, create_player_num_=50, save_player_num_=137"
<pid=10475|tid=140406757377792>(14:34:49)[LOG_DEBUG] in ../db_server/DB_Manager.cpp:98 function push_data_block: "push db message load_player_num_=0, create_player_num_=50, save_player_num_=138"
<pid=10475|tid=140406757377792>(14:34:49)[LOG_DEBUG] in ../db_server/DB_Manager.cpp:98 function push_data_block: "push db message load_player_num_=0, create_player_num_=50, save_player_num_=139"
<pid=10475|tid=140406373218048>(14:34:49)[LOG_DEBUG] in ../db_server/DB_Definition.cpp:68 function save_data: "DB IDEX IS 10001000000089"
<pid=10475|tid=140406348039936>(14:34:49)[LOG_DEBUG] in ../db_server/DB_Definition.cpp:68 function save_data: "DB IDEX IS 10001000000087"
<pid=10475|tid=140406364825344>(14:34:49)[LOG_DEBUG] in ../db_server/DB_Definition.cpp:68 function save_data: "DB IDEX IS 10001000000090"
<pid=10475|tid=140406356432640>(14:34:49)[LOG_DEBUG] in ../db_server/DB_Definition.cpp:68 function save_data: "DB IDEX IS 10001000000088"
<pid=10475|tid=140406339647232>(14:34:49)[LOG_DEBUG] in ../db_server/DB_Definition.cpp:68 function save_data: "DB IDEX IS 10001000000086"
<pid=10475|tid=140406757377792>(14:34:50)[LOG_DEBUG] in ../db_server/DB_Manager.cpp:98 function push_data_block: "push db message load_player_num_=0, create_player_num_=50, save_player_num_=140"
<pid=10475|tid=140406757377792>(14:34:50)[LOG_DEBUG] in ../db_server/DB_Manager.cpp:98 function push_data_block: "push db message load_player_num_=0, create_player_num_=50, save_player_num_=141"
<pid=10475|tid=140406748985088>(14:34:50)[LOG_DEBUG] in ../db_server/DB_Definition.cpp:68 function save_data: "DB IDEX IS 10001000000091"
<pid=10475|tid=140406331254528>(14:34:50)[LOG_DEBUG] in ../db_server/DB_Definition.cpp:68 function save_data: "DB IDEX IS 10001000000092"
<pid=10475|tid=140406757377792>(14:34:50)[LOG_DEBUG] in ../db_server/DB_Manager.cpp:98 function push_data_block: "push db message load_player_num_=0, create_player_num_=50, save_player_num_=142"
<pid=10475|tid=140406740592384>(14:34:50)[LOG_DEBUG] in ../db_server/DB_Definition.cpp:68 function save_data: "DB IDEX IS 10001000000093"
<pid=10475|tid=140406757377792>(14:34:50)[LOG_DEBUG] in ../db_server/DB_Manager.cpp:98 function push_data_block: "push db message load_player_num_=0, create_player_num_=50, save_player_num_=143"
<pid=10475|tid=140406732199680>(14:34:50)[LOG_DEBUG] in ../db_server/DB_Definition.cpp:68 function save_data: "DB IDEX IS 10001000000094"
<pid=10475|tid=140406757377792>(14:34:51)[LOG_DEBUG] in ../db_server/DB_Manager.cpp:98 function push_data_block: "push db message load_player_num_=0, create_player_num_=50, save_player_num_=144"
<pid=10475|tid=140406757377792>(14:34:51)[LOG_DEBUG] in ../db_server/DB_Manager.cpp:98 function push_data_block: "push db message load_player_num_=0, create_player_num_=50, save_player_num_=145"
<pid=10475|tid=140406757377792>(14:34:51)[LOG_DEBUG] in ../db_server/DB_Manager.cpp:98 function push_data_block: "push db message load_player_num_=0, create_player_num_=50, save_player_num_=146"
<pid=10475|tid=140406723806976>(14:34:51)[LOG_DEBUG] in ../db_server/DB_Definition.cpp:68 function save_data: "DB IDEX IS 10001000000097"
<pid=10475|tid=140406364825344>(14:34:51)[LOG_DEBUG] in ../db_server/DB_Definition.cpp:68 function save_data: "DB IDEX IS 10001000000095"
<pid=10475|tid=140406373218048>(14:34:51)[LOG_DEBUG] in ../db_server/DB_Definition.cpp:68 function save_data: "DB IDEX IS 10001000000096"
<pid=10475|tid=140406757377792>(14:34:51)[LOG_DEBUG] in ../db_server/DB_Manager.cpp:98 function push_data_block: "push db message load_player_num_=0, create_player_num_=50, save_player_num_=147"
<pid=10475|tid=140406757377792>(14:34:51)[LOG_DEBUG] in ../db_server/DB_Manager.cpp:98 function push_data_block: "push db message load_player_num_=0, create_player_num_=50, save_player_num_=148"
<pid=10475|tid=140406356432640>(14:34:51)[LOG_DEBUG] in ../db_server/DB_Definition.cpp:68 function save_data: "DB IDEX IS 10001000000099"
<pid=10475|tid=140406348039936>(14:34:51)[LOG_DEBUG] in ../db_server/DB_Definition.cpp:68 function save_data: "DB IDEX IS 10001000000098"
<pid=10475|tid=140406757377792>(14:34:52)[LOG_DEBUG] in ../db_server/DB_Manager.cpp:98 function push_data_block: "push db message load_player_num_=0, create_player_num_=50, save_player_num_=149"
<pid=10475|tid=140406339647232>(14:34:52)[LOG_DEBUG] in ../db_server/DB_Definition.cpp:68 function save_data: "DB IDEX IS 10001000000100"
<pid=10475|tid=140406757377792>(14:34:52)[LOG_DEBUG] in ../db_server/DB_Manager.cpp:98 function push_data_block: "push db message load_player_num_=0, create_player_num_=50, save_player_num_=149"
<pid=10475|tid=140406757377792>(14:34:52)[LOG_DEBUG] in ../db_server/DB_Manager.cpp:98 function push_data_block: "push db message load_player_num_=0, create_player_num_=50, save_player_num_=149"
<pid=10475|tid=140406348039936>(14:34:52)[LOG_DEBUG] in ../db_server/DB_Definition.cpp:68 function save_data: "DB IDEX IS 0"
<pid=10475|tid=140406348039936>(14:34:52)[LOG_DEBUG] in ../db_server/DB_Definition.cpp:73 function save_data: "mmo.guild save list size is 0"
<pid=10475|tid=140406339647232>(14:34:52)[LOG_DEBUG] in ../db_server/DB_Definition.cpp:68 function save_data: "DB IDEX IS 0"
<pid=10475|tid=140406339647232>(14:34:52)[LOG_DEBUG] in ../db_server/DB_Definition.cpp:73 function save_data: "mmo.rank save list size is 1"
<pid=10475|tid=140406757377792>(14:35:9)[LOG_DEBUG] in ../db_server/DB_Manager.cpp:98 function push_data_block: "push db message load_player_num_=0, create_player_num_=50, save_player_num_=149"
<pid=10475|tid=140406757377792>(14:35:9)[LOG_DEBUG] in ../db_server/DB_Manager.cpp:98 function push_data_block: "push db message load_player_num_=0, create_player_num_=50, save_player_num_=149"
<pid=10475|tid=140406331254528>(14:35:9)[LOG_DEBUG] in ../db_server/DB_Definition.cpp:68 function save_data: "DB IDEX IS 0"
<pid=10475|tid=140406331254528>(14:35:9)[LOG_DEBUG] in ../db_server/DB_Definition.cpp:73 function save_data: "mmo.guild save list size is 0"
<pid=10475|tid=140406748985088>(14:35:9)[LOG_DEBUG] in ../db_server/DB_Definition.cpp:68 function save_data: "DB IDEX IS 0"
<pid=10475|tid=140406748985088>(14:35:9)[LOG_DEBUG] in ../db_server/DB_Definition.cpp:73 function save_data: "mmo.rank save list size is 1"
<pid=10475|tid=140406740592384>(14:35:26)[LOG_DEBUG] in ../db_server/DB_Definition.cpp:68 function save_data: "DB IDEX IS 0"
<pid=10475|tid=140406740592384>(14:35:26)[LOG_DEBUG] in ../db_server/DB_Definition.cpp:73 function save_data: "mmo.guild save list size is 0"
<pid=10475|tid=140406757377792>(14:35:26)[LOG_DEBUG] in ../db_server/DB_Manager.cpp:98 function push_data_block: "push db message load_player_num_=0, create_player_num_=50, save_player_num_=149"
<pid=10475|tid=140406757377792>(14:35:26)[LOG_DEBUG] in ../db_server/DB_Manager.cpp:98 function push_data_block: "push db message load_player_num_=0, create_player_num_=50, save_player_num_=149"
<pid=10475|tid=140406732199680>(14:35:26)[LOG_DEBUG] in ../db_server/DB_Definition.cpp:68 function save_data: "DB IDEX IS 0"
<pid=10475|tid=140406732199680>(14:35:26)[LOG_DEBUG] in ../db_server/DB_Definition.cpp:73 function save_data: "mmo.rank save list size is 1"
<pid=10475|tid=140406757377792>(14:35:34)[LOG_DEBUG] in ../db_server/DB_Manager.cpp:98 function push_data_block: "push db message load_player_num_=0, create_player_num_=50, save_player_num_=149"
<pid=10475|tid=140406757377792>(14:35:37)[LOG_DEBUG] in ../db_server/DB_Manager.cpp:98 function push_data_block: "push db message load_player_num_=0, create_player_num_=50, save_player_num_=149"
<pid=10475|tid=140406757377792>(14:35:37)[LOG_DEBUG] in ../db_server/DB_Manager.cpp:98 function push_data_block: "push db message load_player_num_=0, create_player_num_=50, save_player_num_=149"
<pid=10475|tid=140406373218048>(14:35:37)[LOG_DEBUG] in ../db_server/DB_Definition.cpp:68 function save_data: "DB IDEX IS 0"
<pid=10475|tid=140406373218048>(14:35:37)[LOG_DEBUG] in ../db_server/DB_Definition.cpp:73 function save_data: "mmo.guild save list size is 0"
<pid=10475|tid=140406364825344>(14:35:37)[LOG_DEBUG] in ../db_server/DB_Definition.cpp:68 function save_data: "DB IDEX IS 0"
<pid=10475|tid=140406364825344>(14:35:37)[LOG_DEBUG] in ../db_server/DB_Definition.cpp:73 function save_data: "mmo.rank save list size is 1"
<pid=10475|tid=140406757377792>(14:35:52)[LOG_DEBUG] in ../db_server/DB_Manager.cpp:98 function push_data_block: "push db message load_player_num_=0, create_player_num_=50, save_player_num_=149"
<pid=10475|tid=140406757377792>(14:35:52)[LOG_DEBUG] in ../db_server/DB_Manager.cpp:98 function push_data_block: "push db message load_player_num_=0, create_player_num_=50, save_player_num_=149"
<pid=10475|tid=140406356432640>(14:35:52)[LOG_DEBUG] in ../db_server/DB_Definition.cpp:68 function save_data: "DB IDEX IS 0"
<pid=10475|tid=140406356432640>(14:35:52)[LOG_DEBUG] in ../db_server/DB_Definition.cpp:73 function save_data: "mmo.guild save list size is 0"
<pid=10475|tid=140406348039936>(14:35:52)[LOG_DEBUG] in ../db_server/DB_Definition.cpp:68 function save_data: "DB IDEX IS 0"
<pid=10475|tid=140406348039936>(14:35:52)[LOG_DEBUG] in ../db_server/DB_Definition.cpp:73 function save_data: "mmo.rank save list size is 1"
<pid=10475|tid=140406757377792>(14:36:7)[LOG_DEBUG] in ../db_server/DB_Manager.cpp:98 function push_data_block: "push db message load_player_num_=0, create_player_num_=50, save_player_num_=149"
<pid=10475|tid=140406339647232>(14:36:7)[LOG_DEBUG] in ../db_server/DB_Definition.cpp:68 function save_data: "DB IDEX IS 0"
<pid=10475|tid=140406757377792>(14:36:7)[LOG_DEBUG] in ../db_server/DB_Manager.cpp:98 function push_data_block: "push db message load_player_num_=0, create_player_num_=50, save_player_num_=149"
<pid=10475|tid=140406339647232>(14:36:7)[LOG_DEBUG] in ../db_server/DB_Definition.cpp:73 function save_data: "mmo.guild save list size is 0"
<pid=10475|tid=140406331254528>(14:36:7)[LOG_DEBUG] in ../db_server/DB_Definition.cpp:68 function save_data: "DB IDEX IS 0"
<pid=10475|tid=140406331254528>(14:36:7)[LOG_DEBUG] in ../db_server/DB_Definition.cpp:73 function save_data: "mmo.rank save list size is 1"
<pid=10475|tid=140406757377792>(14:36:22)[LOG_DEBUG] in ../db_server/DB_Manager.cpp:98 function push_data_block: "push db message load_player_num_=0, create_player_num_=50, save_player_num_=149"
<pid=10475|tid=140406757377792>(14:36:22)[LOG_DEBUG] in ../db_server/DB_Manager.cpp:98 function push_data_block: "push db message load_player_num_=0, create_player_num_=50, save_player_num_=149"
<pid=10475|tid=140406748985088>(14:36:22)[LOG_DEBUG] in ../db_server/DB_Definition.cpp:68 function save_data: "DB IDEX IS 0"
<pid=10475|tid=140406748985088>(14:36:22)[LOG_DEBUG] in ../db_server/DB_Definition.cpp:73 function save_data: "mmo.guild save list size is 0"
<pid=10475|tid=140406740592384>(14:36:22)[LOG_DEBUG] in ../db_server/DB_Definition.cpp:68 function save_data: "DB IDEX IS 0"
<pid=10475|tid=140406740592384>(14:36:22)[LOG_DEBUG] in ../db_server/DB_Definition.cpp:73 function save_data: "mmo.rank save list size is 1"
<pid=10475|tid=140406757377792>(14:36:37)[LOG_DEBUG] in ../db_server/DB_Manager.cpp:98 function push_data_block: "push db message load_player_num_=0, create_player_num_=50, save_player_num_=149"
<pid=10475|tid=140406757377792>(14:36:37)[LOG_DEBUG] in ../db_server/DB_Manager.cpp:98 function push_data_block: "push db message load_player_num_=0, create_player_num_=50, save_player_num_=149"
<pid=10475|tid=140406732199680>(14:36:37)[LOG_DEBUG] in ../db_server/DB_Definition.cpp:68 function save_data: "DB IDEX IS 0"
<pid=10475|tid=140406732199680>(14:36:37)[LOG_DEBUG] in ../db_server/DB_Definition.cpp:73 function save_data: "mmo.guild save list size is 0"
<pid=10475|tid=140406723806976>(14:36:37)[LOG_DEBUG] in ../db_server/DB_Definition.cpp:68 function save_data: "DB IDEX IS 0"
<pid=10475|tid=140406723806976>(14:36:37)[LOG_DEBUG] in ../db_server/DB_Definition.cpp:73 function save_data: "mmo.rank save list size is 1"
<pid=10475|tid=140406757377792>(14:36:52)[LOG_DEBUG] in ../db_server/DB_Manager.cpp:98 function push_data_block: "push db message load_player_num_=0, create_player_num_=50, save_player_num_=149"
<pid=10475|tid=140406757377792>(14:36:52)[LOG_DEBUG] in ../db_server/DB_Manager.cpp:98 function push_data_block: "push db message load_player_num_=0, create_player_num_=50, save_player_num_=149"
<pid=10475|tid=140406364825344>(14:36:52)[LOG_DEBUG] in ../db_server/DB_Definition.cpp:68 function save_data: "DB IDEX IS 0"
<pid=10475|tid=140406364825344>(14:36:52)[LOG_DEBUG] in ../db_server/DB_Definition.cpp:73 function save_data: "mmo.rank save list size is 1"
<pid=10475|tid=140406373218048>(14:36:52)[LOG_DEBUG] in ../db_server/DB_Definition.cpp:68 function save_data: "DB IDEX IS 0"
<pid=10475|tid=140406373218048>(14:36:52)[LOG_DEBUG] in ../db_server/DB_Definition.cpp:73 function save_data: "mmo.guild save list size is 0"
<pid=10475|tid=140406757377792>(14:37:7)[LOG_DEBUG] in ../db_server/DB_Manager.cpp:98 function push_data_block: "push db message load_player_num_=0, create_player_num_=50, save_player_num_=149"
<pid=10475|tid=140406757377792>(14:37:7)[LOG_DEBUG] in ../db_server/DB_Manager.cpp:98 function push_data_block: "push db message load_player_num_=0, create_player_num_=50, save_player_num_=149"
<pid=10475|tid=140406348039936>(14:37:7)[LOG_DEBUG] in ../db_server/DB_Definition.cpp:68 function save_data: "DB IDEX IS 0"
<pid=10475|tid=140406348039936>(14:37:7)[LOG_DEBUG] in ../db_server/DB_Definition.cpp:73 function save_data: "mmo.rank save list size is 1"
<pid=10475|tid=140406356432640>(14:37:7)[LOG_DEBUG] in ../db_server/DB_Definition.cpp:68 function save_data: "DB IDEX IS 0"
<pid=10475|tid=140406356432640>(14:37:7)[LOG_DEBUG] in ../db_server/DB_Definition.cpp:73 function save_data: "mmo.guild save list size is 0"
<pid=10475|tid=140406757377792>(14:37:22)[LOG_DEBUG] in ../db_server/DB_Manager.cpp:98 function push_data_block: "push db message load_player_num_=0, create_player_num_=50, save_player_num_=149"
<pid=10475|tid=140406757377792>(14:37:22)[LOG_DEBUG] in ../db_server/DB_Manager.cpp:98 function push_data_block: "push db message load_player_num_=0, create_player_num_=50, save_player_num_=149"
<pid=10475|tid=140406331254528>(14:37:22)[LOG_DEBUG] in ../db_server/DB_Definition.cpp:68 function save_data: "DB IDEX IS 0"
<pid=10475|tid=140406331254528>(14:37:22)[LOG_DEBUG] in ../db_server/DB_Definition.cpp:73 function save_data: "mmo.rank save list size is 1"
<pid=10475|tid=140406339647232>(14:37:22)[LOG_DEBUG] in ../db_server/DB_Definition.cpp:68 function save_data: "DB IDEX IS 0"
<pid=10475|tid=140406339647232>(14:37:22)[LOG_DEBUG] in ../db_server/DB_Definition.cpp:73 function save_data: "mmo.guild save list size is 0"
<pid=10475|tid=140406757377792>(14:37:37)[LOG_DEBUG] in ../db_server/DB_Manager.cpp:98 function push_data_block: "push db message load_player_num_=0, create_player_num_=50, save_player_num_=149"
<pid=10475|tid=140406757377792>(14:37:37)[LOG_DEBUG] in ../db_server/DB_Manager.cpp:98 function push_data_block: "push db message load_player_num_=0, create_player_num_=50, save_player_num_=149"
<pid=10475|tid=140406740592384>(14:37:37)[LOG_DEBUG] in ../db_server/DB_Definition.cpp:68 function save_data: "DB IDEX IS 0"
<pid=10475|tid=140406740592384>(14:37:37)[LOG_DEBUG] in ../db_server/DB_Definition.cpp:73 function save_data: "mmo.rank save list size is 1"
<pid=10475|tid=140406748985088>(14:37:37)[LOG_DEBUG] in ../db_server/DB_Definition.cpp:68 function save_data: "DB IDEX IS 0"
<pid=10475|tid=140406748985088>(14:37:37)[LOG_DEBUG] in ../db_server/DB_Definition.cpp:73 function save_data: "mmo.guild save list size is 0"
<pid=10475|tid=140406757377792>(14:37:52)[LOG_DEBUG] in ../db_server/DB_Manager.cpp:98 function push_data_block: "push db message load_player_num_=0, create_player_num_=50, save_player_num_=149"
<pid=10475|tid=140406732199680>(14:37:52)[LOG_DEBUG] in ../db_server/DB_Definition.cpp:68 function save_data: "DB IDEX IS 0"
<pid=10475|tid=140406757377792>(14:37:52)[LOG_DEBUG] in ../db_server/DB_Manager.cpp:98 function push_data_block: "push db message load_player_num_=0, create_player_num_=50, save_player_num_=149"
<pid=10475|tid=140406732199680>(14:37:52)[LOG_DEBUG] in ../db_server/DB_Definition.cpp:73 function save_data: "mmo.guild save list size is 0"
<pid=10475|tid=140406723806976>(14:37:52)[LOG_DEBUG] in ../db_server/DB_Definition.cpp:68 function save_data: "DB IDEX IS 0"
<pid=10475|tid=140406723806976>(14:37:52)[LOG_DEBUG] in ../db_server/DB_Definition.cpp:73 function save_data: "mmo.rank save list size is 1"
