<pid=11105|tid=140737247991552>(11:47:20)[LOG_DEBUG] in ../Accept.cpp:149 run_handler: "start acceptor"
<pid=11105|tid=140737247991552>(11:47:20)[LOG_DEBUG] in ../Accept.cpp:100 server_listen: "listen at 7500"
<pid=11105|tid=140737239598848>(11:47:20)[LOG_DEBUG] in ../Receive.cpp:65 run_handler: "start receiver"
<pid=11105|tid=140737231206144>(11:47:20)[LOG_DEBUG] in ../Send.cpp:49 run_handler: "start sender"
<pid=11105|tid=140737152808704>(11:47:20)[LOG_DEBUG] in ../Pack.cpp:69 run_handler: "start packer"
<pid=11105|tid=140737353963328>(11:47:20)[LOG_DEBUG] in ../Mysql_Conn.cpp:145 Init: "db pool: back_stream_pool, size: 2"
<pid=11105|tid=140737119237888>(11:47:20)[LOG_DEBUG] in ../Accept.cpp:149 run_handler: "start acceptor"
<pid=11105|tid=140737119237888>(11:47:20)[LOG_DEBUG] in ../Accept.cpp:100 server_listen: "listen at 7501"
<pid=11105|tid=140737110845184>(11:47:20)[LOG_DEBUG] in ../Receive.cpp:65 run_handler: "start receiver"
<pid=11105|tid=140737102452480>(11:47:20)[LOG_DEBUG] in ../Send.cpp:49 run_handler: "start sender"
<pid=11105|tid=140736683046656>(11:47:20)[LOG_DEBUG] in ../Pack.cpp:69 run_handler: "start packer"
<pid=11105|tid=140736641083136>(11:47:20)[LOG_DEBUG] in ../Accept.cpp:149 run_handler: "start acceptor"
<pid=11105|tid=140736641083136>(11:47:20)[LOG_DEBUG] in ../Accept.cpp:100 server_listen: "listen at 7502"
<pid=11105|tid=140736632690432>(11:47:20)[LOG_DEBUG] in ../Receive.cpp:65 run_handler: "start receiver"
<pid=11105|tid=140736414611200>(11:47:20)[LOG_DEBUG] in ../Send.cpp:49 run_handler: "start sender"
<pid=11105|tid=140736406218496>(11:47:20)[LOG_DEBUG] in ../Pack.cpp:69 run_handler: "start packer"
<pid=11105|tid=140736389433088>(11:47:20)[LOG_DEBUG] in ../Accept.cpp:149 run_handler: "start acceptor"
<pid=11105|tid=140736389433088>(11:47:20)[LOG_DEBUG] in ../Accept.cpp:100 server_listen: "listen at 7503"
<pid=11105|tid=140736381040384>(11:47:20)[LOG_DEBUG] in ../Receive.cpp:65 run_handler: "start receiver"
<pid=11105|tid=140736372647680>(11:47:20)[LOG_DEBUG] in ../Send.cpp:49 run_handler: "start sender"
<pid=11105|tid=140736364254976>(11:47:20)[LOG_DEBUG] in ../Pack.cpp:69 run_handler: "start packer"
<pid=11105|tid=140737353963328>(11:47:20)[LOG_DEBUG] in ../Mysql_Conn.cpp:145 Init: "db pool: account_pool, size: 2"
<pid=11105|tid=140735986779904>(11:47:20)[LOG_DEBUG] in ../Accept.cpp:149 run_handler: "start acceptor"
<pid=11105|tid=140735986779904>(11:47:20)[LOG_DEBUG] in ../Accept.cpp:100 server_listen: "listen at 7504"
<pid=11105|tid=140735978387200>(11:47:20)[LOG_DEBUG] in ../Receive.cpp:65 run_handler: "start receiver"
<pid=11105|tid=140735969994496>(11:47:20)[LOG_DEBUG] in ../Send.cpp:49 run_handler: "start sender"
<pid=11105|tid=140735961601792>(11:47:20)[LOG_DEBUG] in ../Pack.cpp:69 run_handler: "start packer"
<pid=11105|tid=140735600912128>(11:47:20)[LOG_DEBUG] in ../Accept.cpp:149 run_handler: "start acceptor"
<pid=11105|tid=140735600912128>(11:47:20)[LOG_DEBUG] in ../Accept.cpp:100 server_listen: "listen at 7505"
<pid=11105|tid=140735592519424>(11:47:20)[LOG_DEBUG] in ../Receive.cpp:65 run_handler: "start receiver"
<pid=11105|tid=140735575734016>(11:47:20)[LOG_DEBUG] in ../Pack.cpp:69 run_handler: "start packer"
<pid=11105|tid=140735584126720>(11:47:20)[LOG_DEBUG] in ../Send.cpp:49 run_handler: "start sender"
<pid=11105|tid=140735114364672>(11:47:20)[LOG_DEBUG] in ../Receive.cpp:65 run_handler: "start receiver"
<pid=11105|tid=140735122757376>(11:47:20)[LOG_DEBUG] in ../Accept.cpp:149 run_handler: "start acceptor"
<pid=11105|tid=140735122757376>(11:47:20)[LOG_DEBUG] in ../Accept.cpp:100 server_listen: "listen at 7506"
<pid=11105|tid=140735105971968>(11:47:20)[LOG_DEBUG] in ../Send.cpp:49 run_handler: "start sender"
<pid=11105|tid=140735097579264>(11:47:21)[LOG_DEBUG] in ../Pack.cpp:69 run_handler: "start packer"
<pid=11105|tid=140734711711488>(11:47:21)[LOG_DEBUG] in ../Accept.cpp:149 run_handler: "start acceptor"
<pid=11105|tid=140734711711488>(11:47:21)[LOG_DEBUG] in ../Accept.cpp:100 server_listen: "listen at 7507"
<pid=11105|tid=140734694926080>(11:47:21)[LOG_DEBUG] in ../Send.cpp:49 run_handler: "start sender"
<pid=11105|tid=140734686533376>(11:47:21)[LOG_DEBUG] in ../Pack.cpp:69 run_handler: "start packer"
<pid=11105|tid=140734703318784>(11:47:21)[LOG_DEBUG] in ../Receive.cpp:65 run_handler: "start receiver"
<pid=11105|tid=140734652962560>(11:47:21)[LOG_DEBUG] in ../Receive.cpp:65 run_handler: "start receiver"
<pid=11105|tid=140734644569856>(11:47:21)[LOG_DEBUG] in ../Send.cpp:49 run_handler: "start sender"
<pid=11105|tid=140734636177152>(11:47:21)[LOG_DEBUG] in ../Pack.cpp:69 run_handler: "start packer"
<pid=11105|tid=140737247991552>(11:47:21)[LOG_DEBUG] in ../Accept.cpp:137 server_accept: "client ip = [127.0.0.1], port = 38093"
<pid=11105|tid=140737247991552>(11:47:21)[LOG_DEBUG] in ../Server.cpp:24 accept_svc: "connfd=99 cid:2"
<pid=11105|tid=140737353963328>(11:47:21)[LOG_DEBUG] in ../Connector.cpp:12 connect_svc: "connfd=91"
<pid=11105|tid=140737353963328>(11:47:21)[LOG_DEBUG] in ../Connector.cpp:187 connect_server: "cid_ = 2"
<pid=11105|tid=140734619391744>(11:47:21)[LOG_DEBUG] in ../Receive.cpp:65 run_handler: "start receiver"
<pid=11105|tid=140734610999040>(11:47:21)[LOG_DEBUG] in ../Send.cpp:49 run_handler: "start sender"
<pid=11105|tid=140734602606336>(11:47:21)[LOG_DEBUG] in ../Pack.cpp:69 run_handler: "start packer"
<pid=11105|tid=140737119237888>(11:47:21)[LOG_DEBUG] in ../Accept.cpp:137 server_accept: "client ip = [127.0.0.1], port = 46932"
<pid=11105|tid=140737353963328>(11:47:21)[LOG_DEBUG] in ../Connector.cpp:12 connect_svc: "connfd=107"
<pid=11105|tid=140737119237888>(11:47:21)[LOG_DEBUG] in ../Server.cpp:24 accept_svc: "connfd=102 cid:2"
<pid=11105|tid=140737353963328>(11:47:21)[LOG_DEBUG] in ../Connector.cpp:187 connect_server: "cid_ = 2"
<pid=11105|tid=140734585820928>(11:47:21)[LOG_DEBUG] in ../Receive.cpp:65 run_handler: "start receiver"
<pid=11105|tid=140734569035520>(11:47:21)[LOG_DEBUG] in ../Send.cpp:49 run_handler: "start sender"
<pid=11105|tid=140734577428224>(11:47:21)[LOG_DEBUG] in ../Pack.cpp:69 run_handler: "start packer"
<pid=11105|tid=140735600912128>(11:47:21)[LOG_DEBUG] in ../Accept.cpp:137 server_accept: "client ip = [127.0.0.1], port = 40187"
<pid=11105|tid=140735600912128>(11:47:21)[LOG_DEBUG] in ../Server.cpp:24 accept_svc: "connfd=63 cid:2"
<pid=11105|tid=140737353963328>(11:47:21)[LOG_DEBUG] in ../Connector.cpp:12 connect_svc: "connfd=106"
<pid=11105|tid=140737353963328>(11:47:21)[LOG_DEBUG] in ../Connector.cpp:187 connect_server: "cid_ = 2"
<pid=11105|tid=140734552250112>(11:47:21)[LOG_DEBUG] in ../Receive.cpp:65 run_handler: "start receiver"
<pid=11105|tid=140734543857408>(11:47:21)[LOG_DEBUG] in ../Send.cpp:49 run_handler: "start sender"
<pid=11105|tid=140737353963328>(11:47:21)[LOG_DEBUG] in ../Connector.cpp:12 connect_svc: "connfd=114"
<pid=11105|tid=140737353963328>(11:47:21)[LOG_DEBUG] in ../Connector.cpp:187 connect_server: "cid_ = 2"
<pid=11105|tid=140736389433088>(11:47:21)[LOG_DEBUG] in ../Accept.cpp:137 server_accept: "client ip = [127.0.0.1], port = 47845"
<pid=11105|tid=140736389433088>(11:47:21)[LOG_DEBUG] in ../Server.cpp:24 accept_svc: "connfd=59 cid:2"
<pid=11105|tid=140734535464704>(11:47:21)[LOG_DEBUG] in ../Pack.cpp:69 run_handler: "start packer"
<pid=11105|tid=140734518679296>(11:47:21)[LOG_DEBUG] in ../Receive.cpp:65 run_handler: "start receiver"
<pid=11105|tid=140734510286592>(11:47:21)[LOG_DEBUG] in ../Send.cpp:49 run_handler: "start sender"
<pid=11105|tid=140735122757376>(11:47:21)[LOG_DEBUG] in ../Accept.cpp:137 server_accept: "client ip = [127.0.0.1], port = 55256"
<pid=11105|tid=140735122757376>(11:47:21)[LOG_DEBUG] in ../Server.cpp:24 accept_svc: "connfd=44 cid:2"
<pid=11105|tid=140737353963328>(11:47:21)[LOG_DEBUG] in ../Connector.cpp:12 connect_svc: "connfd=131"
<pid=11105|tid=140737353963328>(11:47:21)[LOG_DEBUG] in ../Connector.cpp:187 connect_server: "cid_ = 2"
<pid=11105|tid=140734501893888>(11:47:21)[LOG_DEBUG] in ../Pack.cpp:69 run_handler: "start packer"
<pid=11105|tid=140734485108480>(11:47:21)[LOG_DEBUG] in ../Receive.cpp:65 run_handler: "start receiver"
<pid=11105|tid=140734476715776>(11:47:21)[LOG_DEBUG] in ../Send.cpp:49 run_handler: "start sender"
<pid=11105|tid=140735986779904>(11:47:21)[LOG_DEBUG] in ../Accept.cpp:137 server_accept: "client ip = [127.0.0.1], port = 44004"
<pid=11105|tid=140735986779904>(11:47:21)[LOG_DEBUG] in ../Server.cpp:24 accept_svc: "connfd=90 cid:2"
<pid=11105|tid=140737353963328>(11:47:21)[LOG_DEBUG] in ../Connector.cpp:12 connect_svc: "connfd=139"
<pid=11105|tid=140737353963328>(11:47:21)[LOG_DEBUG] in ../Connector.cpp:187 connect_server: "cid_ = 2"
<pid=11105|tid=140734468323072>(11:47:21)[LOG_DEBUG] in ../Pack.cpp:69 run_handler: "start packer"
<pid=11105|tid=140736641083136>(11:47:27)[LOG_DEBUG] in ../Accept.cpp:137 server_accept: "client ip = [127.0.0.1], port = 32940"
<pid=11105|tid=140736641083136>(11:47:27)[LOG_DEBUG] in ../Server.cpp:24 accept_svc: "connfd=117 cid:2"
<pid=11105|tid=140734711711488>(11:47:27)[LOG_DEBUG] in ../Accept.cpp:137 server_accept: "client ip = [127.0.0.1], port = 57932"
<pid=11105|tid=140734711711488>(11:47:27)[LOG_DEBUG] in ../Server.cpp:24 accept_svc: "connfd=36 cid:2"
<pid=11105|tid=140734661355264>(11:47:41)[LOG_DEBUG] in ../gate_server/messager/Gate_Client_Messager.cpp:39 process_block: "player_cid:2, len:58, serial_cipher:87096145, msg_time_cipher:140734595423518, msg_id:111001, status:0"
<pid=11105|tid=140734661355264>(11:47:41)[LOG_DEBUG] in ../gate_server/messager/Gate_Client_Messager.cpp:114 connect_gate: "client connect gate cid = 2, account:1453434447_0, session:14540668568709614444858438 "
<pid=11105|tid=140734661355264>(11:47:41)[LOG_DEBUG] in ../gate_server/messager/Gate_Client_Messager.cpp:39 process_block: "player_cid:2, len:50, serial_cipher:87096146, msg_time_cipher:140734595423503, msg_id:120001, status:0"
<pid=11105|tid=140734661355264>(11:47:41)[LOG_DEBUG] in ../gate_server/messager/Gate_Client_Messager.cpp:39 process_block: "player_cid:2, len:53, serial_cipher:87096147, msg_time_cipher:140734595423502, msg_id:120002, status:0"
<pid=11105|tid=140736632690432>(11:47:45)[LOG_DEBUG] in ../Svc.cpp:175 recv_data: "role_id:0 fd=117, read return 0, EOF close"
<pid=11105|tid=140736406218496>(11:47:45)[LOG_DEBUG] in ../Server.cpp:91 drop_handler: "drop_handler, cid = 2."
<pid=11105|tid=140736406218496>(11:47:45)[LOG_DEBUG] in ../Svc.cpp:102 close_fd: "close fd = 117"
<pid=11105|tid=140734703318784>(11:47:45)[LOG_DEBUG] in ../Svc.cpp:175 recv_data: "role_id:0 fd=36, read return 0, EOF close"
<pid=11105|tid=140734686533376>(11:47:45)[LOG_DEBUG] in ../Server.cpp:91 drop_handler: "drop_handler, cid = 2."
<pid=11105|tid=140734686533376>(11:47:45)[LOG_DEBUG] in ../Svc.cpp:102 close_fd: "close fd = 36"
